The system is: Darwin - 14.4.0 - x86_64
Compiling the C compiler identification source file "CMakeCCompilerId.c" succeeded.
Compiler: /Applications/Xcode.app/Contents/Developer/Toolchains/XcodeDefault.xctoolchain/usr/bin/cc 
Build flags: 
Id flags: 

The output was:
0


Compilation of the C compiler identification source "CMakeCCompilerId.c" produced "a.out"

The C compiler identification is AppleClang, found in "/Users/umityoruk/Documents/PythonDev/NewSegmentation/Notebook/CppSource/gdcm-2.6.3/bin/CMakeFiles/3.4.1/CompilerIdC/a.out"

Compiling the CXX compiler identification source file "CMakeCXXCompilerId.cpp" succeeded.
Compiler: /Applications/Xcode.app/Contents/Developer/Toolchains/XcodeDefault.xctoolchain/usr/bin/c++ 
Build flags: 
Id flags: 

The output was:
0


Compilation of the CXX compiler identification source "CMakeCXXCompilerId.cpp" produced "a.out"

The CXX compiler identification is AppleClang, found in "/Users/umityoruk/Documents/PythonDev/NewSegmentation/Notebook/CppSource/gdcm-2.6.3/bin/CMakeFiles/3.4.1/CompilerIdCXX/a.out"

Determining if the C compiler works passed with the following output:
Change Dir: /Users/umityoruk/Documents/PythonDev/NewSegmentation/Notebook/CppSource/gdcm-2.6.3/bin/CMakeFiles/CMakeTmp

Run Build Command:"/usr/bin/make" "cmTC_42c8a/fast"
/Applications/Xcode.app/Contents/Developer/usr/bin/make -f CMakeFiles/cmTC_42c8a.dir/build.make CMakeFiles/cmTC_42c8a.dir/build
Building C object CMakeFiles/cmTC_42c8a.dir/testCCompiler.c.o
/Applications/Xcode.app/Contents/Developer/Toolchains/XcodeDefault.xctoolchain/usr/bin/cc     -o CMakeFiles/cmTC_42c8a.dir/testCCompiler.c.o   -c /Users/umityoruk/Documents/PythonDev/NewSegmentation/Notebook/CppSource/gdcm-2.6.3/bin/CMakeFiles/CMakeTmp/testCCompiler.c
Linking C executable cmTC_42c8a
/usr/local/Cellar/cmake/3.4.1/bin/cmake -E cmake_link_script CMakeFiles/cmTC_42c8a.dir/link.txt --verbose=1
/Applications/Xcode.app/Contents/Developer/Toolchains/XcodeDefault.xctoolchain/usr/bin/cc    -Wl,-search_paths_first -Wl,-headerpad_max_install_names   CMakeFiles/cmTC_42c8a.dir/testCCompiler.c.o  -o cmTC_42c8a  


Detecting C compiler ABI info compiled with the following output:
Change Dir: /Users/umityoruk/Documents/PythonDev/NewSegmentation/Notebook/CppSource/gdcm-2.6.3/bin/CMakeFiles/CMakeTmp

Run Build Command:"/usr/bin/make" "cmTC_328ba/fast"
/Applications/Xcode.app/Contents/Developer/usr/bin/make -f CMakeFiles/cmTC_328ba.dir/build.make CMakeFiles/cmTC_328ba.dir/build
Building C object CMakeFiles/cmTC_328ba.dir/CMakeCCompilerABI.c.o
/Applications/Xcode.app/Contents/Developer/Toolchains/XcodeDefault.xctoolchain/usr/bin/cc     -o CMakeFiles/cmTC_328ba.dir/CMakeCCompilerABI.c.o   -c /usr/local/Cellar/cmake/3.4.1/share/cmake/Modules/CMakeCCompilerABI.c
Linking C executable cmTC_328ba
/usr/local/Cellar/cmake/3.4.1/bin/cmake -E cmake_link_script CMakeFiles/cmTC_328ba.dir/link.txt --verbose=1
/Applications/Xcode.app/Contents/Developer/Toolchains/XcodeDefault.xctoolchain/usr/bin/cc    -Wl,-search_paths_first -Wl,-headerpad_max_install_names  -v -Wl,-v CMakeFiles/cmTC_328ba.dir/CMakeCCompilerABI.c.o  -o cmTC_328ba   
Apple LLVM version 7.0.0 (clang-700.0.72)
Target: x86_64-apple-darwin14.4.0
Thread model: posix
 "/Applications/Xcode.app/Contents/Developer/Toolchains/XcodeDefault.xctoolchain/usr/bin/ld" -demangle -dynamic -arch x86_64 -macosx_version_min 10.10.0 -o cmTC_328ba -search_paths_first -headerpad_max_install_names -v CMakeFiles/cmTC_328ba.dir/CMakeCCompilerABI.c.o -lSystem /Applications/Xcode.app/Contents/Developer/Toolchains/XcodeDefault.xctoolchain/usr/bin/../lib/clang/7.0.0/lib/darwin/libclang_rt.osx.a
@(#)PROGRAM:ld  PROJECT:ld64-253.3.3
configured to support archs: armv6 armv7 armv7s arm64 i386 x86_64 x86_64h armv6m armv7k armv7m armv7em
Library search paths:
	/usr/lib
	/usr/local/lib
Framework search paths:
	/Library/Frameworks/
	/System/Library/Frameworks/


Parsed C implicit link information from above output:
  link line regex: [^( *|.*[/\])(ld|([^/\]+-)?ld|collect2)[^/\]*( |$)]
  ignore line: [Change Dir: /Users/umityoruk/Documents/PythonDev/NewSegmentation/Notebook/CppSource/gdcm-2.6.3/bin/CMakeFiles/CMakeTmp]
  ignore line: []
  ignore line: [Run Build Command:"/usr/bin/make" "cmTC_328ba/fast"]
  ignore line: [/Applications/Xcode.app/Contents/Developer/usr/bin/make -f CMakeFiles/cmTC_328ba.dir/build.make CMakeFiles/cmTC_328ba.dir/build]
  ignore line: [Building C object CMakeFiles/cmTC_328ba.dir/CMakeCCompilerABI.c.o]
  ignore line: [/Applications/Xcode.app/Contents/Developer/Toolchains/XcodeDefault.xctoolchain/usr/bin/cc     -o CMakeFiles/cmTC_328ba.dir/CMakeCCompilerABI.c.o   -c /usr/local/Cellar/cmake/3.4.1/share/cmake/Modules/CMakeCCompilerABI.c]
  ignore line: [Linking C executable cmTC_328ba]
  ignore line: [/usr/local/Cellar/cmake/3.4.1/bin/cmake -E cmake_link_script CMakeFiles/cmTC_328ba.dir/link.txt --verbose=1]
  ignore line: [/Applications/Xcode.app/Contents/Developer/Toolchains/XcodeDefault.xctoolchain/usr/bin/cc    -Wl,-search_paths_first -Wl,-headerpad_max_install_names  -v -Wl,-v CMakeFiles/cmTC_328ba.dir/CMakeCCompilerABI.c.o  -o cmTC_328ba   ]
  ignore line: [Apple LLVM version 7.0.0 (clang-700.0.72)]
  ignore line: [Target: x86_64-apple-darwin14.4.0]
  ignore line: [Thread model: posix]
  link line: [ "/Applications/Xcode.app/Contents/Developer/Toolchains/XcodeDefault.xctoolchain/usr/bin/ld" -demangle -dynamic -arch x86_64 -macosx_version_min 10.10.0 -o cmTC_328ba -search_paths_first -headerpad_max_install_names -v CMakeFiles/cmTC_328ba.dir/CMakeCCompilerABI.c.o -lSystem /Applications/Xcode.app/Contents/Developer/Toolchains/XcodeDefault.xctoolchain/usr/bin/../lib/clang/7.0.0/lib/darwin/libclang_rt.osx.a]
    arg [/Applications/Xcode.app/Contents/Developer/Toolchains/XcodeDefault.xctoolchain/usr/bin/ld] ==> ignore
    arg [-demangle] ==> ignore
    arg [-dynamic] ==> ignore
    arg [-arch] ==> ignore
    arg [x86_64] ==> ignore
    arg [-macosx_version_min] ==> ignore
    arg [10.10.0] ==> ignore
    arg [-o] ==> ignore
    arg [cmTC_328ba] ==> ignore
    arg [-search_paths_first] ==> ignore
    arg [-headerpad_max_install_names] ==> ignore
    arg [-v] ==> ignore
    arg [CMakeFiles/cmTC_328ba.dir/CMakeCCompilerABI.c.o] ==> ignore
    arg [-lSystem] ==> lib [System]
    arg [/Applications/Xcode.app/Contents/Developer/Toolchains/XcodeDefault.xctoolchain/usr/bin/../lib/clang/7.0.0/lib/darwin/libclang_rt.osx.a] ==> lib [/Applications/Xcode.app/Contents/Developer/Toolchains/XcodeDefault.xctoolchain/usr/bin/../lib/clang/7.0.0/lib/darwin/libclang_rt.osx.a]
  Library search paths: [;/usr/lib;/usr/local/lib]
  Framework search paths: [;/Library/Frameworks/;/System/Library/Frameworks/]
  remove lib [System]
  collapse lib [/Applications/Xcode.app/Contents/Developer/Toolchains/XcodeDefault.xctoolchain/usr/bin/../lib/clang/7.0.0/lib/darwin/libclang_rt.osx.a] ==> [/Applications/Xcode.app/Contents/Developer/Toolchains/XcodeDefault.xctoolchain/usr/lib/clang/7.0.0/lib/darwin/libclang_rt.osx.a]
  collapse library dir [/usr/lib] ==> [/usr/lib]
  collapse library dir [/usr/local/lib] ==> [/usr/local/lib]
  collapse framework dir [/Library/Frameworks/] ==> [/Library/Frameworks]
  collapse framework dir [/System/Library/Frameworks/] ==> [/System/Library/Frameworks]
  implicit libs: [/Applications/Xcode.app/Contents/Developer/Toolchains/XcodeDefault.xctoolchain/usr/lib/clang/7.0.0/lib/darwin/libclang_rt.osx.a]
  implicit dirs: [/usr/lib;/usr/local/lib]
  implicit fwks: [/Library/Frameworks;/System/Library/Frameworks]




Detecting C [-std=c11] compiler features compiled with the following output:
Change Dir: /Users/umityoruk/Documents/PythonDev/NewSegmentation/Notebook/CppSource/gdcm-2.6.3/bin/CMakeFiles/CMakeTmp

Run Build Command:"/usr/bin/make" "cmTC_7160e/fast"
/Applications/Xcode.app/Contents/Developer/usr/bin/make -f CMakeFiles/cmTC_7160e.dir/build.make CMakeFiles/cmTC_7160e.dir/build
Building C object CMakeFiles/cmTC_7160e.dir/feature_tests.c.o
/Applications/Xcode.app/Contents/Developer/Toolchains/XcodeDefault.xctoolchain/usr/bin/cc    -std=c11 -o CMakeFiles/cmTC_7160e.dir/feature_tests.c.o   -c /Users/umityoruk/Documents/PythonDev/NewSegmentation/Notebook/CppSource/gdcm-2.6.3/bin/CMakeFiles/feature_tests.c
Linking C executable cmTC_7160e
/usr/local/Cellar/cmake/3.4.1/bin/cmake -E cmake_link_script CMakeFiles/cmTC_7160e.dir/link.txt --verbose=1
/Applications/Xcode.app/Contents/Developer/Toolchains/XcodeDefault.xctoolchain/usr/bin/cc    -Wl,-search_paths_first -Wl,-headerpad_max_install_names   CMakeFiles/cmTC_7160e.dir/feature_tests.c.o  -o cmTC_7160e  


    Feature record: C_FEATURE:1c_function_prototypes
    Feature record: C_FEATURE:1c_restrict
    Feature record: C_FEATURE:1c_static_assert
    Feature record: C_FEATURE:1c_variadic_macros


Detecting C [-std=c99] compiler features compiled with the following output:
Change Dir: /Users/umityoruk/Documents/PythonDev/NewSegmentation/Notebook/CppSource/gdcm-2.6.3/bin/CMakeFiles/CMakeTmp

Run Build Command:"/usr/bin/make" "cmTC_38129/fast"
/Applications/Xcode.app/Contents/Developer/usr/bin/make -f CMakeFiles/cmTC_38129.dir/build.make CMakeFiles/cmTC_38129.dir/build
Building C object CMakeFiles/cmTC_38129.dir/feature_tests.c.o
/Applications/Xcode.app/Contents/Developer/Toolchains/XcodeDefault.xctoolchain/usr/bin/cc    -std=c99 -o CMakeFiles/cmTC_38129.dir/feature_tests.c.o   -c /Users/umityoruk/Documents/PythonDev/NewSegmentation/Notebook/CppSource/gdcm-2.6.3/bin/CMakeFiles/feature_tests.c
Linking C executable cmTC_38129
/usr/local/Cellar/cmake/3.4.1/bin/cmake -E cmake_link_script CMakeFiles/cmTC_38129.dir/link.txt --verbose=1
/Applications/Xcode.app/Contents/Developer/Toolchains/XcodeDefault.xctoolchain/usr/bin/cc    -Wl,-search_paths_first -Wl,-headerpad_max_install_names   CMakeFiles/cmTC_38129.dir/feature_tests.c.o  -o cmTC_38129  


    Feature record: C_FEATURE:1c_function_prototypes
    Feature record: C_FEATURE:1c_restrict
    Feature record: C_FEATURE:0c_static_assert
    Feature record: C_FEATURE:1c_variadic_macros


Detecting C [-std=c90] compiler features compiled with the following output:
Change Dir: /Users/umityoruk/Documents/PythonDev/NewSegmentation/Notebook/CppSource/gdcm-2.6.3/bin/CMakeFiles/CMakeTmp

Run Build Command:"/usr/bin/make" "cmTC_6f90c/fast"
/Applications/Xcode.app/Contents/Developer/usr/bin/make -f CMakeFiles/cmTC_6f90c.dir/build.make CMakeFiles/cmTC_6f90c.dir/build
Building C object CMakeFiles/cmTC_6f90c.dir/feature_tests.c.o
/Applications/Xcode.app/Contents/Developer/Toolchains/XcodeDefault.xctoolchain/usr/bin/cc    -std=c90 -o CMakeFiles/cmTC_6f90c.dir/feature_tests.c.o   -c /Users/umityoruk/Documents/PythonDev/NewSegmentation/Notebook/CppSource/gdcm-2.6.3/bin/CMakeFiles/feature_tests.c
Linking C executable cmTC_6f90c
/usr/local/Cellar/cmake/3.4.1/bin/cmake -E cmake_link_script CMakeFiles/cmTC_6f90c.dir/link.txt --verbose=1
/Applications/Xcode.app/Contents/Developer/Toolchains/XcodeDefault.xctoolchain/usr/bin/cc    -Wl,-search_paths_first -Wl,-headerpad_max_install_names   CMakeFiles/cmTC_6f90c.dir/feature_tests.c.o  -o cmTC_6f90c  


    Feature record: C_FEATURE:1c_function_prototypes
    Feature record: C_FEATURE:0c_restrict
    Feature record: C_FEATURE:0c_static_assert
    Feature record: C_FEATURE:0c_variadic_macros
Determining if the CXX compiler works passed with the following output:
Change Dir: /Users/umityoruk/Documents/PythonDev/NewSegmentation/Notebook/CppSource/gdcm-2.6.3/bin/CMakeFiles/CMakeTmp

Run Build Command:"/usr/bin/make" "cmTC_19496/fast"
/Applications/Xcode.app/Contents/Developer/usr/bin/make -f CMakeFiles/cmTC_19496.dir/build.make CMakeFiles/cmTC_19496.dir/build
Building CXX object CMakeFiles/cmTC_19496.dir/testCXXCompiler.cxx.o
/Applications/Xcode.app/Contents/Developer/Toolchains/XcodeDefault.xctoolchain/usr/bin/c++      -o CMakeFiles/cmTC_19496.dir/testCXXCompiler.cxx.o -c /Users/umityoruk/Documents/PythonDev/NewSegmentation/Notebook/CppSource/gdcm-2.6.3/bin/CMakeFiles/CMakeTmp/testCXXCompiler.cxx
Linking CXX executable cmTC_19496
/usr/local/Cellar/cmake/3.4.1/bin/cmake -E cmake_link_script CMakeFiles/cmTC_19496.dir/link.txt --verbose=1
/Applications/Xcode.app/Contents/Developer/Toolchains/XcodeDefault.xctoolchain/usr/bin/c++     -Wl,-search_paths_first -Wl,-headerpad_max_install_names   CMakeFiles/cmTC_19496.dir/testCXXCompiler.cxx.o  -o cmTC_19496  


Detecting CXX compiler ABI info compiled with the following output:
Change Dir: /Users/umityoruk/Documents/PythonDev/NewSegmentation/Notebook/CppSource/gdcm-2.6.3/bin/CMakeFiles/CMakeTmp

Run Build Command:"/usr/bin/make" "cmTC_88f23/fast"
/Applications/Xcode.app/Contents/Developer/usr/bin/make -f CMakeFiles/cmTC_88f23.dir/build.make CMakeFiles/cmTC_88f23.dir/build
Building CXX object CMakeFiles/cmTC_88f23.dir/CMakeCXXCompilerABI.cpp.o
/Applications/Xcode.app/Contents/Developer/Toolchains/XcodeDefault.xctoolchain/usr/bin/c++      -o CMakeFiles/cmTC_88f23.dir/CMakeCXXCompilerABI.cpp.o -c /usr/local/Cellar/cmake/3.4.1/share/cmake/Modules/CMakeCXXCompilerABI.cpp
Linking CXX executable cmTC_88f23
/usr/local/Cellar/cmake/3.4.1/bin/cmake -E cmake_link_script CMakeFiles/cmTC_88f23.dir/link.txt --verbose=1
/Applications/Xcode.app/Contents/Developer/Toolchains/XcodeDefault.xctoolchain/usr/bin/c++     -Wl,-search_paths_first -Wl,-headerpad_max_install_names  -v -Wl,-v CMakeFiles/cmTC_88f23.dir/CMakeCXXCompilerABI.cpp.o  -o cmTC_88f23   
Apple LLVM version 7.0.0 (clang-700.0.72)
Target: x86_64-apple-darwin14.4.0
Thread model: posix
 "/Applications/Xcode.app/Contents/Developer/Toolchains/XcodeDefault.xctoolchain/usr/bin/ld" -demangle -dynamic -arch x86_64 -macosx_version_min 10.10.0 -o cmTC_88f23 -search_paths_first -headerpad_max_install_names -v CMakeFiles/cmTC_88f23.dir/CMakeCXXCompilerABI.cpp.o -lc++ -lSystem /Applications/Xcode.app/Contents/Developer/Toolchains/XcodeDefault.xctoolchain/usr/bin/../lib/clang/7.0.0/lib/darwin/libclang_rt.osx.a
@(#)PROGRAM:ld  PROJECT:ld64-253.3.3
configured to support archs: armv6 armv7 armv7s arm64 i386 x86_64 x86_64h armv6m armv7k armv7m armv7em
Library search paths:
	/usr/lib
	/usr/local/lib
Framework search paths:
	/Library/Frameworks/
	/System/Library/Frameworks/


Parsed CXX implicit link information from above output:
  link line regex: [^( *|.*[/\])(ld|([^/\]+-)?ld|collect2)[^/\]*( |$)]
  ignore line: [Change Dir: /Users/umityoruk/Documents/PythonDev/NewSegmentation/Notebook/CppSource/gdcm-2.6.3/bin/CMakeFiles/CMakeTmp]
  ignore line: []
  ignore line: [Run Build Command:"/usr/bin/make" "cmTC_88f23/fast"]
  ignore line: [/Applications/Xcode.app/Contents/Developer/usr/bin/make -f CMakeFiles/cmTC_88f23.dir/build.make CMakeFiles/cmTC_88f23.dir/build]
  ignore line: [Building CXX object CMakeFiles/cmTC_88f23.dir/CMakeCXXCompilerABI.cpp.o]
  ignore line: [/Applications/Xcode.app/Contents/Developer/Toolchains/XcodeDefault.xctoolchain/usr/bin/c++      -o CMakeFiles/cmTC_88f23.dir/CMakeCXXCompilerABI.cpp.o -c /usr/local/Cellar/cmake/3.4.1/share/cmake/Modules/CMakeCXXCompilerABI.cpp]
  ignore line: [Linking CXX executable cmTC_88f23]
  ignore line: [/usr/local/Cellar/cmake/3.4.1/bin/cmake -E cmake_link_script CMakeFiles/cmTC_88f23.dir/link.txt --verbose=1]
  ignore line: [/Applications/Xcode.app/Contents/Developer/Toolchains/XcodeDefault.xctoolchain/usr/bin/c++     -Wl,-search_paths_first -Wl,-headerpad_max_install_names  -v -Wl,-v CMakeFiles/cmTC_88f23.dir/CMakeCXXCompilerABI.cpp.o  -o cmTC_88f23   ]
  ignore line: [Apple LLVM version 7.0.0 (clang-700.0.72)]
  ignore line: [Target: x86_64-apple-darwin14.4.0]
  ignore line: [Thread model: posix]
  link line: [ "/Applications/Xcode.app/Contents/Developer/Toolchains/XcodeDefault.xctoolchain/usr/bin/ld" -demangle -dynamic -arch x86_64 -macosx_version_min 10.10.0 -o cmTC_88f23 -search_paths_first -headerpad_max_install_names -v CMakeFiles/cmTC_88f23.dir/CMakeCXXCompilerABI.cpp.o -lc++ -lSystem /Applications/Xcode.app/Contents/Developer/Toolchains/XcodeDefault.xctoolchain/usr/bin/../lib/clang/7.0.0/lib/darwin/libclang_rt.osx.a]
    arg [/Applications/Xcode.app/Contents/Developer/Toolchains/XcodeDefault.xctoolchain/usr/bin/ld] ==> ignore
    arg [-demangle] ==> ignore
    arg [-dynamic] ==> ignore
    arg [-arch] ==> ignore
    arg [x86_64] ==> ignore
    arg [-macosx_version_min] ==> ignore
    arg [10.10.0] ==> ignore
    arg [-o] ==> ignore
    arg [cmTC_88f23] ==> ignore
    arg [-search_paths_first] ==> ignore
    arg [-headerpad_max_install_names] ==> ignore
    arg [-v] ==> ignore
    arg [CMakeFiles/cmTC_88f23.dir/CMakeCXXCompilerABI.cpp.o] ==> ignore
    arg [-lc++] ==> lib [c++]
    arg [-lSystem] ==> lib [System]
    arg [/Applications/Xcode.app/Contents/Developer/Toolchains/XcodeDefault.xctoolchain/usr/bin/../lib/clang/7.0.0/lib/darwin/libclang_rt.osx.a] ==> lib [/Applications/Xcode.app/Contents/Developer/Toolchains/XcodeDefault.xctoolchain/usr/bin/../lib/clang/7.0.0/lib/darwin/libclang_rt.osx.a]
  Library search paths: [;/usr/lib;/usr/local/lib]
  Framework search paths: [;/Library/Frameworks/;/System/Library/Frameworks/]
  remove lib [System]
  collapse lib [/Applications/Xcode.app/Contents/Developer/Toolchains/XcodeDefault.xctoolchain/usr/bin/../lib/clang/7.0.0/lib/darwin/libclang_rt.osx.a] ==> [/Applications/Xcode.app/Contents/Developer/Toolchains/XcodeDefault.xctoolchain/usr/lib/clang/7.0.0/lib/darwin/libclang_rt.osx.a]
  collapse library dir [/usr/lib] ==> [/usr/lib]
  collapse library dir [/usr/local/lib] ==> [/usr/local/lib]
  collapse framework dir [/Library/Frameworks/] ==> [/Library/Frameworks]
  collapse framework dir [/System/Library/Frameworks/] ==> [/System/Library/Frameworks]
  implicit libs: [c++;/Applications/Xcode.app/Contents/Developer/Toolchains/XcodeDefault.xctoolchain/usr/lib/clang/7.0.0/lib/darwin/libclang_rt.osx.a]
  implicit dirs: [/usr/lib;/usr/local/lib]
  implicit fwks: [/Library/Frameworks;/System/Library/Frameworks]




Detecting CXX [-std=c++14] compiler features compiled with the following output:
Change Dir: /Users/umityoruk/Documents/PythonDev/NewSegmentation/Notebook/CppSource/gdcm-2.6.3/bin/CMakeFiles/CMakeTmp

Run Build Command:"/usr/bin/make" "cmTC_d7ebe/fast"
/Applications/Xcode.app/Contents/Developer/usr/bin/make -f CMakeFiles/cmTC_d7ebe.dir/build.make CMakeFiles/cmTC_d7ebe.dir/build
Building CXX object CMakeFiles/cmTC_d7ebe.dir/feature_tests.cxx.o
/Applications/Xcode.app/Contents/Developer/Toolchains/XcodeDefault.xctoolchain/usr/bin/c++     -std=c++14 -o CMakeFiles/cmTC_d7ebe.dir/feature_tests.cxx.o -c /Users/umityoruk/Documents/PythonDev/NewSegmentation/Notebook/CppSource/gdcm-2.6.3/bin/CMakeFiles/feature_tests.cxx
Linking CXX executable cmTC_d7ebe
/usr/local/Cellar/cmake/3.4.1/bin/cmake -E cmake_link_script CMakeFiles/cmTC_d7ebe.dir/link.txt --verbose=1
/Applications/Xcode.app/Contents/Developer/Toolchains/XcodeDefault.xctoolchain/usr/bin/c++     -Wl,-search_paths_first -Wl,-headerpad_max_install_names   CMakeFiles/cmTC_d7ebe.dir/feature_tests.cxx.o  -o cmTC_d7ebe  


    Feature record: CXX_FEATURE:1cxx_aggregate_default_initializers
    Feature record: CXX_FEATURE:1cxx_alias_templates
    Feature record: CXX_FEATURE:1cxx_alignas
    Feature record: CXX_FEATURE:1cxx_alignof
    Feature record: CXX_FEATURE:1cxx_attributes
    Feature record: CXX_FEATURE:1cxx_attribute_deprecated
    Feature record: CXX_FEATURE:1cxx_auto_type
    Feature record: CXX_FEATURE:1cxx_binary_literals
    Feature record: CXX_FEATURE:1cxx_constexpr
    Feature record: CXX_FEATURE:1cxx_contextual_conversions
    Feature record: CXX_FEATURE:1cxx_decltype
    Feature record: CXX_FEATURE:1cxx_decltype_auto
    Feature record: CXX_FEATURE:1cxx_decltype_incomplete_return_types
    Feature record: CXX_FEATURE:1cxx_default_function_template_args
    Feature record: CXX_FEATURE:1cxx_defaulted_functions
    Feature record: CXX_FEATURE:1cxx_defaulted_move_initializers
    Feature record: CXX_FEATURE:1cxx_delegating_constructors
    Feature record: CXX_FEATURE:1cxx_deleted_functions
    Feature record: CXX_FEATURE:1cxx_digit_separators
    Feature record: CXX_FEATURE:1cxx_enum_forward_declarations
    Feature record: CXX_FEATURE:1cxx_explicit_conversions
    Feature record: CXX_FEATURE:1cxx_extended_friend_declarations
    Feature record: CXX_FEATURE:1cxx_extern_templates
    Feature record: CXX_FEATURE:1cxx_final
    Feature record: CXX_FEATURE:1cxx_func_identifier
    Feature record: CXX_FEATURE:1cxx_generalized_initializers
    Feature record: CXX_FEATURE:1cxx_generic_lambdas
    Feature record: CXX_FEATURE:1cxx_inheriting_constructors
    Feature record: CXX_FEATURE:1cxx_inline_namespaces
    Feature record: CXX_FEATURE:1cxx_lambdas
    Feature record: CXX_FEATURE:1cxx_lambda_init_captures
    Feature record: CXX_FEATURE:1cxx_local_type_template_args
    Feature record: CXX_FEATURE:1cxx_long_long_type
    Feature record: CXX_FEATURE:1cxx_noexcept
    Feature record: CXX_FEATURE:1cxx_nonstatic_member_init
    Feature record: CXX_FEATURE:1cxx_nullptr
    Feature record: CXX_FEATURE:1cxx_override
    Feature record: CXX_FEATURE:1cxx_range_for
    Feature record: CXX_FEATURE:1cxx_raw_string_literals
    Feature record: CXX_FEATURE:1cxx_reference_qualified_functions
    Feature record: CXX_FEATURE:1cxx_relaxed_constexpr
    Feature record: CXX_FEATURE:1cxx_return_type_deduction
    Feature record: CXX_FEATURE:1cxx_right_angle_brackets
    Feature record: CXX_FEATURE:1cxx_rvalue_references
    Feature record: CXX_FEATURE:1cxx_sizeof_member
    Feature record: CXX_FEATURE:1cxx_static_assert
    Feature record: CXX_FEATURE:1cxx_strong_enums
    Feature record: CXX_FEATURE:1cxx_template_template_parameters
    Feature record: CXX_FEATURE:0cxx_thread_local
    Feature record: CXX_FEATURE:1cxx_trailing_return_types
    Feature record: CXX_FEATURE:1cxx_unicode_literals
    Feature record: CXX_FEATURE:1cxx_uniform_initialization
    Feature record: CXX_FEATURE:1cxx_unrestricted_unions
    Feature record: CXX_FEATURE:1cxx_user_literals
    Feature record: CXX_FEATURE:1cxx_variable_templates
    Feature record: CXX_FEATURE:1cxx_variadic_macros
    Feature record: CXX_FEATURE:1cxx_variadic_templates


Detecting CXX [-std=c++11] compiler features compiled with the following output:
Change Dir: /Users/umityoruk/Documents/PythonDev/NewSegmentation/Notebook/CppSource/gdcm-2.6.3/bin/CMakeFiles/CMakeTmp

Run Build Command:"/usr/bin/make" "cmTC_b7480/fast"
/Applications/Xcode.app/Contents/Developer/usr/bin/make -f CMakeFiles/cmTC_b7480.dir/build.make CMakeFiles/cmTC_b7480.dir/build
Building CXX object CMakeFiles/cmTC_b7480.dir/feature_tests.cxx.o
/Applications/Xcode.app/Contents/Developer/Toolchains/XcodeDefault.xctoolchain/usr/bin/c++     -std=c++11 -o CMakeFiles/cmTC_b7480.dir/feature_tests.cxx.o -c /Users/umityoruk/Documents/PythonDev/NewSegmentation/Notebook/CppSource/gdcm-2.6.3/bin/CMakeFiles/feature_tests.cxx
Linking CXX executable cmTC_b7480
/usr/local/Cellar/cmake/3.4.1/bin/cmake -E cmake_link_script CMakeFiles/cmTC_b7480.dir/link.txt --verbose=1
/Applications/Xcode.app/Contents/Developer/Toolchains/XcodeDefault.xctoolchain/usr/bin/c++     -Wl,-search_paths_first -Wl,-headerpad_max_install_names   CMakeFiles/cmTC_b7480.dir/feature_tests.cxx.o  -o cmTC_b7480  


    Feature record: CXX_FEATURE:0cxx_aggregate_default_initializers
    Feature record: CXX_FEATURE:1cxx_alias_templates
    Feature record: CXX_FEATURE:1cxx_alignas
    Feature record: CXX_FEATURE:1cxx_alignof
    Feature record: CXX_FEATURE:1cxx_attributes
    Feature record: CXX_FEATURE:0cxx_attribute_deprecated
    Feature record: CXX_FEATURE:1cxx_auto_type
    Feature record: CXX_FEATURE:0cxx_binary_literals
    Feature record: CXX_FEATURE:1cxx_constexpr
    Feature record: CXX_FEATURE:0cxx_contextual_conversions
    Feature record: CXX_FEATURE:1cxx_decltype
    Feature record: CXX_FEATURE:0cxx_decltype_auto
    Feature record: CXX_FEATURE:1cxx_decltype_incomplete_return_types
    Feature record: CXX_FEATURE:1cxx_default_function_template_args
    Feature record: CXX_FEATURE:1cxx_defaulted_functions
    Feature record: CXX_FEATURE:1cxx_defaulted_move_initializers
    Feature record: CXX_FEATURE:1cxx_delegating_constructors
    Feature record: CXX_FEATURE:1cxx_deleted_functions
    Feature record: CXX_FEATURE:0cxx_digit_separators
    Feature record: CXX_FEATURE:1cxx_enum_forward_declarations
    Feature record: CXX_FEATURE:1cxx_explicit_conversions
    Feature record: CXX_FEATURE:1cxx_extended_friend_declarations
    Feature record: CXX_FEATURE:1cxx_extern_templates
    Feature record: CXX_FEATURE:1cxx_final
    Feature record: CXX_FEATURE:1cxx_func_identifier
    Feature record: CXX_FEATURE:1cxx_generalized_initializers
    Feature record: CXX_FEATURE:0cxx_generic_lambdas
    Feature record: CXX_FEATURE:1cxx_inheriting_constructors
    Feature record: CXX_FEATURE:1cxx_inline_namespaces
    Feature record: CXX_FEATURE:1cxx_lambdas
    Feature record: CXX_FEATURE:0cxx_lambda_init_captures
    Feature record: CXX_FEATURE:1cxx_local_type_template_args
    Feature record: CXX_FEATURE:1cxx_long_long_type
    Feature record: CXX_FEATURE:1cxx_noexcept
    Feature record: CXX_FEATURE:1cxx_nonstatic_member_init
    Feature record: CXX_FEATURE:1cxx_nullptr
    Feature record: CXX_FEATURE:1cxx_override
    Feature record: CXX_FEATURE:1cxx_range_for
    Feature record: CXX_FEATURE:1cxx_raw_string_literals
    Feature record: CXX_FEATURE:1cxx_reference_qualified_functions
    Feature record: CXX_FEATURE:0cxx_relaxed_constexpr
    Feature record: CXX_FEATURE:0cxx_return_type_deduction
    Feature record: CXX_FEATURE:1cxx_right_angle_brackets
    Feature record: CXX_FEATURE:1cxx_rvalue_references
    Feature record: CXX_FEATURE:1cxx_sizeof_member
    Feature record: CXX_FEATURE:1cxx_static_assert
    Feature record: CXX_FEATURE:1cxx_strong_enums
    Feature record: CXX_FEATURE:1cxx_template_template_parameters
    Feature record: CXX_FEATURE:0cxx_thread_local
    Feature record: CXX_FEATURE:1cxx_trailing_return_types
    Feature record: CXX_FEATURE:1cxx_unicode_literals
    Feature record: CXX_FEATURE:1cxx_uniform_initialization
    Feature record: CXX_FEATURE:1cxx_unrestricted_unions
    Feature record: CXX_FEATURE:1cxx_user_literals
    Feature record: CXX_FEATURE:0cxx_variable_templates
    Feature record: CXX_FEATURE:1cxx_variadic_macros
    Feature record: CXX_FEATURE:1cxx_variadic_templates


Detecting CXX [-std=c++98] compiler features compiled with the following output:
Change Dir: /Users/umityoruk/Documents/PythonDev/NewSegmentation/Notebook/CppSource/gdcm-2.6.3/bin/CMakeFiles/CMakeTmp

Run Build Command:"/usr/bin/make" "cmTC_78caa/fast"
/Applications/Xcode.app/Contents/Developer/usr/bin/make -f CMakeFiles/cmTC_78caa.dir/build.make CMakeFiles/cmTC_78caa.dir/build
Building CXX object CMakeFiles/cmTC_78caa.dir/feature_tests.cxx.o
/Applications/Xcode.app/Contents/Developer/Toolchains/XcodeDefault.xctoolchain/usr/bin/c++     -std=c++98 -o CMakeFiles/cmTC_78caa.dir/feature_tests.cxx.o -c /Users/umityoruk/Documents/PythonDev/NewSegmentation/Notebook/CppSource/gdcm-2.6.3/bin/CMakeFiles/feature_tests.cxx
Linking CXX executable cmTC_78caa
/usr/local/Cellar/cmake/3.4.1/bin/cmake -E cmake_link_script CMakeFiles/cmTC_78caa.dir/link.txt --verbose=1
/Applications/Xcode.app/Contents/Developer/Toolchains/XcodeDefault.xctoolchain/usr/bin/c++     -Wl,-search_paths_first -Wl,-headerpad_max_install_names   CMakeFiles/cmTC_78caa.dir/feature_tests.cxx.o  -o cmTC_78caa  


    Feature record: CXX_FEATURE:0cxx_aggregate_default_initializers
    Feature record: CXX_FEATURE:0cxx_alias_templates
    Feature record: CXX_FEATURE:0cxx_alignas
    Feature record: CXX_FEATURE:0cxx_alignof
    Feature record: CXX_FEATURE:0cxx_attributes
    Feature record: CXX_FEATURE:0cxx_attribute_deprecated
    Feature record: CXX_FEATURE:0cxx_auto_type
    Feature record: CXX_FEATURE:0cxx_binary_literals
    Feature record: CXX_FEATURE:0cxx_constexpr
    Feature record: CXX_FEATURE:0cxx_contextual_conversions
    Feature record: CXX_FEATURE:0cxx_decltype
    Feature record: CXX_FEATURE:0cxx_decltype_auto
    Feature record: CXX_FEATURE:0cxx_decltype_incomplete_return_types
    Feature record: CXX_FEATURE:0cxx_default_function_template_args
    Feature record: CXX_FEATURE:0cxx_defaulted_functions
    Feature record: CXX_FEATURE:0cxx_defaulted_move_initializers
    Feature record: CXX_FEATURE:0cxx_delegating_constructors
    Feature record: CXX_FEATURE:0cxx_deleted_functions
    Feature record: CXX_FEATURE:0cxx_digit_separators
    Feature record: CXX_FEATURE:0cxx_enum_forward_declarations
    Feature record: CXX_FEATURE:0cxx_explicit_conversions
    Feature record: CXX_FEATURE:0cxx_extended_friend_declarations
    Feature record: CXX_FEATURE:0cxx_extern_templates
    Feature record: CXX_FEATURE:0cxx_final
    Feature record: CXX_FEATURE:0cxx_func_identifier
    Feature record: CXX_FEATURE:0cxx_generalized_initializers
    Feature record: CXX_FEATURE:0cxx_generic_lambdas
    Feature record: CXX_FEATURE:0cxx_inheriting_constructors
    Feature record: CXX_FEATURE:0cxx_inline_namespaces
    Feature record: CXX_FEATURE:0cxx_lambdas
    Feature record: CXX_FEATURE:0cxx_lambda_init_captures
    Feature record: CXX_FEATURE:0cxx_local_type_template_args
    Feature record: CXX_FEATURE:0cxx_long_long_type
    Feature record: CXX_FEATURE:0cxx_noexcept
    Feature record: CXX_FEATURE:0cxx_nonstatic_member_init
    Feature record: CXX_FEATURE:0cxx_nullptr
    Feature record: CXX_FEATURE:0cxx_override
    Feature record: CXX_FEATURE:0cxx_range_for
    Feature record: CXX_FEATURE:0cxx_raw_string_literals
    Feature record: CXX_FEATURE:0cxx_reference_qualified_functions
    Feature record: CXX_FEATURE:0cxx_relaxed_constexpr
    Feature record: CXX_FEATURE:0cxx_return_type_deduction
    Feature record: CXX_FEATURE:0cxx_right_angle_brackets
    Feature record: CXX_FEATURE:0cxx_rvalue_references
    Feature record: CXX_FEATURE:0cxx_sizeof_member
    Feature record: CXX_FEATURE:0cxx_static_assert
    Feature record: CXX_FEATURE:0cxx_strong_enums
    Feature record: CXX_FEATURE:1cxx_template_template_parameters
    Feature record: CXX_FEATURE:0cxx_thread_local
    Feature record: CXX_FEATURE:0cxx_trailing_return_types
    Feature record: CXX_FEATURE:0cxx_unicode_literals
    Feature record: CXX_FEATURE:0cxx_uniform_initialization
    Feature record: CXX_FEATURE:0cxx_unrestricted_unions
    Feature record: CXX_FEATURE:0cxx_user_literals
    Feature record: CXX_FEATURE:0cxx_variable_templates
    Feature record: CXX_FEATURE:0cxx_variadic_macros
    Feature record: CXX_FEATURE:0cxx_variadic_templates
Determining if the include file stdint.h exists passed with the following output:
Change Dir: /Users/umityoruk/Documents/PythonDev/NewSegmentation/Notebook/CppSource/gdcm-2.6.3/bin/CMakeFiles/CMakeTmp

Run Build Command:"/usr/bin/make" "cmTC_18014/fast"
/Applications/Xcode.app/Contents/Developer/usr/bin/make -f CMakeFiles/cmTC_18014.dir/build.make CMakeFiles/cmTC_18014.dir/build
Building C object CMakeFiles/cmTC_18014.dir/CheckIncludeFile.c.o
/Applications/Xcode.app/Contents/Developer/Toolchains/XcodeDefault.xctoolchain/usr/bin/cc     -o CMakeFiles/cmTC_18014.dir/CheckIncludeFile.c.o   -c /Users/umityoruk/Documents/PythonDev/NewSegmentation/Notebook/CppSource/gdcm-2.6.3/bin/CMakeFiles/CMakeTmp/CheckIncludeFile.c
Linking C executable cmTC_18014
/usr/local/Cellar/cmake/3.4.1/bin/cmake -E cmake_link_script CMakeFiles/cmTC_18014.dir/link.txt --verbose=1
/Applications/Xcode.app/Contents/Developer/Toolchains/XcodeDefault.xctoolchain/usr/bin/cc    -Wl,-search_paths_first -Wl,-headerpad_max_install_names   CMakeFiles/cmTC_18014.dir/CheckIncludeFile.c.o  -o cmTC_18014  


Determining if the include file inttypes.h exists passed with the following output:
Change Dir: /Users/umityoruk/Documents/PythonDev/NewSegmentation/Notebook/CppSource/gdcm-2.6.3/bin/CMakeFiles/CMakeTmp

Run Build Command:"/usr/bin/make" "cmTC_374c4/fast"
/Applications/Xcode.app/Contents/Developer/usr/bin/make -f CMakeFiles/cmTC_374c4.dir/build.make CMakeFiles/cmTC_374c4.dir/build
Building C object CMakeFiles/cmTC_374c4.dir/CheckIncludeFile.c.o
/Applications/Xcode.app/Contents/Developer/Toolchains/XcodeDefault.xctoolchain/usr/bin/cc     -o CMakeFiles/cmTC_374c4.dir/CheckIncludeFile.c.o   -c /Users/umityoruk/Documents/PythonDev/NewSegmentation/Notebook/CppSource/gdcm-2.6.3/bin/CMakeFiles/CMakeTmp/CheckIncludeFile.c
Linking C executable cmTC_374c4
/usr/local/Cellar/cmake/3.4.1/bin/cmake -E cmake_link_script CMakeFiles/cmTC_374c4.dir/link.txt --verbose=1
/Applications/Xcode.app/Contents/Developer/Toolchains/XcodeDefault.xctoolchain/usr/bin/cc    -Wl,-search_paths_first -Wl,-headerpad_max_install_names   CMakeFiles/cmTC_374c4.dir/CheckIncludeFile.c.o  -o cmTC_374c4  


Determining if files ;sys/time.h exist passed with the following output:
Change Dir: /Users/umityoruk/Documents/PythonDev/NewSegmentation/Notebook/CppSource/gdcm-2.6.3/bin/CMakeFiles/CMakeTmp

Run Build Command:"/usr/bin/make" "cmTC_8d616/fast"
/Applications/Xcode.app/Contents/Developer/usr/bin/make -f CMakeFiles/cmTC_8d616.dir/build.make CMakeFiles/cmTC_8d616.dir/build
Building C object CMakeFiles/cmTC_8d616.dir/CheckIncludeFiles.c.o
/Applications/Xcode.app/Contents/Developer/Toolchains/XcodeDefault.xctoolchain/usr/bin/cc     -o CMakeFiles/cmTC_8d616.dir/CheckIncludeFiles.c.o   -c /Users/umityoruk/Documents/PythonDev/NewSegmentation/Notebook/CppSource/gdcm-2.6.3/bin/CMakeFiles/CMakeTmp/CheckIncludeFiles.c
Linking C executable cmTC_8d616
/usr/local/Cellar/cmake/3.4.1/bin/cmake -E cmake_link_script CMakeFiles/cmTC_8d616.dir/link.txt --verbose=1
/Applications/Xcode.app/Contents/Developer/Toolchains/XcodeDefault.xctoolchain/usr/bin/cc    -Wl,-search_paths_first -Wl,-headerpad_max_install_names   CMakeFiles/cmTC_8d616.dir/CheckIncludeFiles.c.o  -o cmTC_8d616  


Determining if the include file langinfo.h exists passed with the following output:
Change Dir: /Users/umityoruk/Documents/PythonDev/NewSegmentation/Notebook/CppSource/gdcm-2.6.3/bin/CMakeFiles/CMakeTmp

Run Build Command:"/usr/bin/make" "cmTC_55066/fast"
/Applications/Xcode.app/Contents/Developer/usr/bin/make -f CMakeFiles/cmTC_55066.dir/build.make CMakeFiles/cmTC_55066.dir/build
Building C object CMakeFiles/cmTC_55066.dir/CheckIncludeFile.c.o
/Applications/Xcode.app/Contents/Developer/Toolchains/XcodeDefault.xctoolchain/usr/bin/cc     -o CMakeFiles/cmTC_55066.dir/CheckIncludeFile.c.o   -c /Users/umityoruk/Documents/PythonDev/NewSegmentation/Notebook/CppSource/gdcm-2.6.3/bin/CMakeFiles/CMakeTmp/CheckIncludeFile.c
Linking C executable cmTC_55066
/usr/local/Cellar/cmake/3.4.1/bin/cmake -E cmake_link_script CMakeFiles/cmTC_55066.dir/link.txt --verbose=1
/Applications/Xcode.app/Contents/Developer/Toolchains/XcodeDefault.xctoolchain/usr/bin/cc    -Wl,-search_paths_first -Wl,-headerpad_max_install_names   CMakeFiles/cmTC_55066.dir/CheckIncludeFile.c.o  -o cmTC_55066  


Determining if the nl_langinfo exist passed with the following output:
Change Dir: /Users/umityoruk/Documents/PythonDev/NewSegmentation/Notebook/CppSource/gdcm-2.6.3/bin/CMakeFiles/CMakeTmp

Run Build Command:"/usr/bin/make" "cmTC_d259b/fast"
/Applications/Xcode.app/Contents/Developer/usr/bin/make -f CMakeFiles/cmTC_d259b.dir/build.make CMakeFiles/cmTC_d259b.dir/build
Building C object CMakeFiles/cmTC_d259b.dir/CheckSymbolExists.c.o
/Applications/Xcode.app/Contents/Developer/Toolchains/XcodeDefault.xctoolchain/usr/bin/cc     -o CMakeFiles/cmTC_d259b.dir/CheckSymbolExists.c.o   -c /Users/umityoruk/Documents/PythonDev/NewSegmentation/Notebook/CppSource/gdcm-2.6.3/bin/CMakeFiles/CMakeTmp/CheckSymbolExists.c
Linking C executable cmTC_d259b
/usr/local/Cellar/cmake/3.4.1/bin/cmake -E cmake_link_script CMakeFiles/cmTC_d259b.dir/link.txt --verbose=1
/Applications/Xcode.app/Contents/Developer/Toolchains/XcodeDefault.xctoolchain/usr/bin/cc    -Wl,-search_paths_first -Wl,-headerpad_max_install_names   CMakeFiles/cmTC_d259b.dir/CheckSymbolExists.c.o  -o cmTC_d259b  

File /Users/umityoruk/Documents/PythonDev/NewSegmentation/Notebook/CppSource/gdcm-2.6.3/bin/CMakeFiles/CMakeTmp/CheckSymbolExists.c:
/* */
#include <langinfo.h>

int main(int argc, char** argv)
{
  (void)argv;
#ifndef nl_langinfo
  return ((int*)(&nl_langinfo))[argc];
#else
  (void)argc;
  return 0;
#endif
}

Determining if the strcasecmp exist passed with the following output:
Change Dir: /Users/umityoruk/Documents/PythonDev/NewSegmentation/Notebook/CppSource/gdcm-2.6.3/bin/CMakeFiles/CMakeTmp

Run Build Command:"/usr/bin/make" "cmTC_22c27/fast"
/Applications/Xcode.app/Contents/Developer/usr/bin/make -f CMakeFiles/cmTC_22c27.dir/build.make CMakeFiles/cmTC_22c27.dir/build
Building C object CMakeFiles/cmTC_22c27.dir/CheckSymbolExists.c.o
/Applications/Xcode.app/Contents/Developer/Toolchains/XcodeDefault.xctoolchain/usr/bin/cc     -o CMakeFiles/cmTC_22c27.dir/CheckSymbolExists.c.o   -c /Users/umityoruk/Documents/PythonDev/NewSegmentation/Notebook/CppSource/gdcm-2.6.3/bin/CMakeFiles/CMakeTmp/CheckSymbolExists.c
Linking C executable cmTC_22c27
/usr/local/Cellar/cmake/3.4.1/bin/cmake -E cmake_link_script CMakeFiles/cmTC_22c27.dir/link.txt --verbose=1
/Applications/Xcode.app/Contents/Developer/Toolchains/XcodeDefault.xctoolchain/usr/bin/cc    -Wl,-search_paths_first -Wl,-headerpad_max_install_names   CMakeFiles/cmTC_22c27.dir/CheckSymbolExists.c.o  -o cmTC_22c27  

File /Users/umityoruk/Documents/PythonDev/NewSegmentation/Notebook/CppSource/gdcm-2.6.3/bin/CMakeFiles/CMakeTmp/CheckSymbolExists.c:
/* */
#include <strings.h>

int main(int argc, char** argv)
{
  (void)argv;
#ifndef strcasecmp
  return ((int*)(&strcasecmp))[argc];
#else
  (void)argc;
  return 0;
#endif
}

Determining if the strncasecmp exist passed with the following output:
Change Dir: /Users/umityoruk/Documents/PythonDev/NewSegmentation/Notebook/CppSource/gdcm-2.6.3/bin/CMakeFiles/CMakeTmp

Run Build Command:"/usr/bin/make" "cmTC_0a212/fast"
/Applications/Xcode.app/Contents/Developer/usr/bin/make -f CMakeFiles/cmTC_0a212.dir/build.make CMakeFiles/cmTC_0a212.dir/build
Building C object CMakeFiles/cmTC_0a212.dir/CheckSymbolExists.c.o
/Applications/Xcode.app/Contents/Developer/Toolchains/XcodeDefault.xctoolchain/usr/bin/cc     -o CMakeFiles/cmTC_0a212.dir/CheckSymbolExists.c.o   -c /Users/umityoruk/Documents/PythonDev/NewSegmentation/Notebook/CppSource/gdcm-2.6.3/bin/CMakeFiles/CMakeTmp/CheckSymbolExists.c
Linking C executable cmTC_0a212
/usr/local/Cellar/cmake/3.4.1/bin/cmake -E cmake_link_script CMakeFiles/cmTC_0a212.dir/link.txt --verbose=1
/Applications/Xcode.app/Contents/Developer/Toolchains/XcodeDefault.xctoolchain/usr/bin/cc    -Wl,-search_paths_first -Wl,-headerpad_max_install_names   CMakeFiles/cmTC_0a212.dir/CheckSymbolExists.c.o  -o cmTC_0a212  

File /Users/umityoruk/Documents/PythonDev/NewSegmentation/Notebook/CppSource/gdcm-2.6.3/bin/CMakeFiles/CMakeTmp/CheckSymbolExists.c:
/* */
#include <strings.h>

int main(int argc, char** argv)
{
  (void)argv;
#ifndef strncasecmp
  return ((int*)(&strncasecmp))[argc];
#else
  (void)argc;
  return 0;
#endif
}

Determining if the snprintf exist passed with the following output:
Change Dir: /Users/umityoruk/Documents/PythonDev/NewSegmentation/Notebook/CppSource/gdcm-2.6.3/bin/CMakeFiles/CMakeTmp

Run Build Command:"/usr/bin/make" "cmTC_262dc/fast"
/Applications/Xcode.app/Contents/Developer/usr/bin/make -f CMakeFiles/cmTC_262dc.dir/build.make CMakeFiles/cmTC_262dc.dir/build
Building C object CMakeFiles/cmTC_262dc.dir/CheckSymbolExists.c.o
/Applications/Xcode.app/Contents/Developer/Toolchains/XcodeDefault.xctoolchain/usr/bin/cc     -o CMakeFiles/cmTC_262dc.dir/CheckSymbolExists.c.o   -c /Users/umityoruk/Documents/PythonDev/NewSegmentation/Notebook/CppSource/gdcm-2.6.3/bin/CMakeFiles/CMakeTmp/CheckSymbolExists.c
Linking C executable cmTC_262dc
/usr/local/Cellar/cmake/3.4.1/bin/cmake -E cmake_link_script CMakeFiles/cmTC_262dc.dir/link.txt --verbose=1
/Applications/Xcode.app/Contents/Developer/Toolchains/XcodeDefault.xctoolchain/usr/bin/cc    -Wl,-search_paths_first -Wl,-headerpad_max_install_names   CMakeFiles/cmTC_262dc.dir/CheckSymbolExists.c.o  -o cmTC_262dc  

File /Users/umityoruk/Documents/PythonDev/NewSegmentation/Notebook/CppSource/gdcm-2.6.3/bin/CMakeFiles/CMakeTmp/CheckSymbolExists.c:
/* */
#include <stdio.h>

int main(int argc, char** argv)
{
  (void)argv;
#ifndef snprintf
  return ((int*)(&snprintf))[argc];
#else
  (void)argc;
  return 0;
#endif
}

Determining if the function strptime exists passed with the following output:
Change Dir: /Users/umityoruk/Documents/PythonDev/NewSegmentation/Notebook/CppSource/gdcm-2.6.3/bin/CMakeFiles/CMakeTmp

Run Build Command:"/usr/bin/make" "cmTC_66234/fast"
/Applications/Xcode.app/Contents/Developer/usr/bin/make -f CMakeFiles/cmTC_66234.dir/build.make CMakeFiles/cmTC_66234.dir/build
Building C object CMakeFiles/cmTC_66234.dir/CheckFunctionExists.c.o
/Applications/Xcode.app/Contents/Developer/Toolchains/XcodeDefault.xctoolchain/usr/bin/cc    -DCHECK_FUNCTION_EXISTS=strptime   -o CMakeFiles/cmTC_66234.dir/CheckFunctionExists.c.o   -c /usr/local/Cellar/cmake/3.4.1/share/cmake/Modules/CheckFunctionExists.c
Linking C executable cmTC_66234
/usr/local/Cellar/cmake/3.4.1/bin/cmake -E cmake_link_script CMakeFiles/cmTC_66234.dir/link.txt --verbose=1
/Applications/Xcode.app/Contents/Developer/Toolchains/XcodeDefault.xctoolchain/usr/bin/cc   -DCHECK_FUNCTION_EXISTS=strptime -Wl,-search_paths_first -Wl,-headerpad_max_install_names   CMakeFiles/cmTC_66234.dir/CheckFunctionExists.c.o  -o cmTC_66234  


Determining if the function lround exists passed with the following output:
Change Dir: /Users/umityoruk/Documents/PythonDev/NewSegmentation/Notebook/CppSource/gdcm-2.6.3/bin/CMakeFiles/CMakeTmp

Run Build Command:"/usr/bin/make" "cmTC_180dc/fast"
/Applications/Xcode.app/Contents/Developer/usr/bin/make -f CMakeFiles/cmTC_180dc.dir/build.make CMakeFiles/cmTC_180dc.dir/build
Building C object CMakeFiles/cmTC_180dc.dir/CheckFunctionExists.c.o
/Applications/Xcode.app/Contents/Developer/Toolchains/XcodeDefault.xctoolchain/usr/bin/cc   -I/Users/umityoruk/Documents/PythonDev/NewSegmentation/Notebook/CppSource/gdcm-2.6.3/bin/CMakeFiles/CMakeTmp/math.h  -DCHECK_FUNCTION_EXISTS=lround   -o CMakeFiles/cmTC_180dc.dir/CheckFunctionExists.c.o   -c /usr/local/Cellar/cmake/3.4.1/share/cmake/Modules/CheckFunctionExists.c
/usr/local/Cellar/cmake/3.4.1/share/cmake/Modules/CheckFunctionExists.c:6:6: warning: incompatible redeclaration of library function 'lround' [-Wincompatible-library-redeclaration]
char CHECK_FUNCTION_EXISTS();
     ^
<command line>:1:31: note: expanded from here
#define CHECK_FUNCTION_EXISTS lround
                              ^
/usr/local/Cellar/cmake/3.4.1/share/cmake/Modules/CheckFunctionExists.c:6:6: note: 'lround' is a builtin with type 'long (double)'
<command line>:1:31: note: expanded from here
#define CHECK_FUNCTION_EXISTS lround
                              ^
1 warning generated.
Linking C executable cmTC_180dc
/usr/local/Cellar/cmake/3.4.1/bin/cmake -E cmake_link_script CMakeFiles/cmTC_180dc.dir/link.txt --verbose=1
/Applications/Xcode.app/Contents/Developer/Toolchains/XcodeDefault.xctoolchain/usr/bin/cc   -DCHECK_FUNCTION_EXISTS=lround -Wl,-search_paths_first -Wl,-headerpad_max_install_names   CMakeFiles/cmTC_180dc.dir/CheckFunctionExists.c.o  -o cmTC_180dc  -lm 


Determining if the function gettimeofday exists passed with the following output:
Change Dir: /Users/umityoruk/Documents/PythonDev/NewSegmentation/Notebook/CppSource/gdcm-2.6.3/bin/CMakeFiles/CMakeTmp

Run Build Command:"/usr/bin/make" "cmTC_7abfd/fast"
/Applications/Xcode.app/Contents/Developer/usr/bin/make -f CMakeFiles/cmTC_7abfd.dir/build.make CMakeFiles/cmTC_7abfd.dir/build
Building C object CMakeFiles/cmTC_7abfd.dir/CheckFunctionExists.c.o
/Applications/Xcode.app/Contents/Developer/Toolchains/XcodeDefault.xctoolchain/usr/bin/cc   -I/Users/umityoruk/Documents/PythonDev/NewSegmentation/Notebook/CppSource/gdcm-2.6.3/bin/CMakeFiles/CMakeTmp/math.h  -DCHECK_FUNCTION_EXISTS=gettimeofday   -o CMakeFiles/cmTC_7abfd.dir/CheckFunctionExists.c.o   -c /usr/local/Cellar/cmake/3.4.1/share/cmake/Modules/CheckFunctionExists.c
Linking C executable cmTC_7abfd
/usr/local/Cellar/cmake/3.4.1/bin/cmake -E cmake_link_script CMakeFiles/cmTC_7abfd.dir/link.txt --verbose=1
/Applications/Xcode.app/Contents/Developer/Toolchains/XcodeDefault.xctoolchain/usr/bin/cc   -DCHECK_FUNCTION_EXISTS=gettimeofday -Wl,-search_paths_first -Wl,-headerpad_max_install_names   CMakeFiles/cmTC_7abfd.dir/CheckFunctionExists.c.o  -o cmTC_7abfd  -lm 


Performing C++ SOURCE FILE Test GDCM_CXX_HAS_FUNCTION succeded with the following output:
Change Dir: /Users/umityoruk/Documents/PythonDev/NewSegmentation/Notebook/CppSource/gdcm-2.6.3/bin/CMakeFiles/CMakeTmp

Run Build Command:"/usr/bin/make" "cmTC_555aa/fast"
/Applications/Xcode.app/Contents/Developer/usr/bin/make -f CMakeFiles/cmTC_555aa.dir/build.make CMakeFiles/cmTC_555aa.dir/build
Building CXX object CMakeFiles/cmTC_555aa.dir/src.cxx.o
/Applications/Xcode.app/Contents/Developer/Toolchains/XcodeDefault.xctoolchain/usr/bin/c++    -I/Users/umityoruk/Documents/PythonDev/NewSegmentation/Notebook/CppSource/gdcm-2.6.3/bin/CMakeFiles/CMakeTmp/math.h  -DNDEBUG -DGDCM_CXX_HAS_FUNCTION   -o CMakeFiles/cmTC_555aa.dir/src.cxx.o -c /Users/umityoruk/Documents/PythonDev/NewSegmentation/Notebook/CppSource/gdcm-2.6.3/bin/CMakeFiles/CMakeTmp/src.cxx
Linking CXX executable cmTC_555aa
/usr/local/Cellar/cmake/3.4.1/bin/cmake -E cmake_link_script CMakeFiles/cmTC_555aa.dir/link.txt --verbose=1
/Applications/Xcode.app/Contents/Developer/Toolchains/XcodeDefault.xctoolchain/usr/bin/c++    -DNDEBUG -DGDCM_CXX_HAS_FUNCTION -Wl,-search_paths_first -Wl,-headerpad_max_install_names   CMakeFiles/cmTC_555aa.dir/src.cxx.o  -o cmTC_555aa  -lm 

Source file was:
int main() { const char *f = __FUNCTION__; return 0;}
Determining if the include file pthread.h exists passed with the following output:
Change Dir: /Users/umityoruk/Documents/PythonDev/NewSegmentation/Notebook/CppSource/gdcm-2.6.3/bin/CMakeFiles/CMakeTmp

Run Build Command:"/usr/bin/make" "cmTC_69bd6/fast"
/Applications/Xcode.app/Contents/Developer/usr/bin/make -f CMakeFiles/cmTC_69bd6.dir/build.make CMakeFiles/cmTC_69bd6.dir/build
Building C object CMakeFiles/cmTC_69bd6.dir/CheckIncludeFile.c.o
/Applications/Xcode.app/Contents/Developer/Toolchains/XcodeDefault.xctoolchain/usr/bin/cc     -o CMakeFiles/cmTC_69bd6.dir/CheckIncludeFile.c.o   -c /Users/umityoruk/Documents/PythonDev/NewSegmentation/Notebook/CppSource/gdcm-2.6.3/bin/CMakeFiles/CMakeTmp/CheckIncludeFile.c
Linking C executable cmTC_69bd6
/usr/local/Cellar/cmake/3.4.1/bin/cmake -E cmake_link_script CMakeFiles/cmTC_69bd6.dir/link.txt --verbose=1
/Applications/Xcode.app/Contents/Developer/Toolchains/XcodeDefault.xctoolchain/usr/bin/cc    -Wl,-search_paths_first -Wl,-headerpad_max_install_names   CMakeFiles/cmTC_69bd6.dir/CheckIncludeFile.c.o  -o cmTC_69bd6  


Determining if the include file sys/types.h exists passed with the following output:
Change Dir: /Users/umityoruk/Documents/PythonDev/NewSegmentation/Notebook/CppSource/gdcm-2.6.3/bin/CMakeFiles/CMakeTmp

Run Build Command:"/usr/bin/make" "cmTC_7c95c/fast"
/Applications/Xcode.app/Contents/Developer/usr/bin/make -f CMakeFiles/cmTC_7c95c.dir/build.make CMakeFiles/cmTC_7c95c.dir/build
Building C object CMakeFiles/cmTC_7c95c.dir/CheckIncludeFile.c.o
/Applications/Xcode.app/Contents/Developer/Toolchains/XcodeDefault.xctoolchain/usr/bin/cc     -o CMakeFiles/cmTC_7c95c.dir/CheckIncludeFile.c.o   -c /Users/umityoruk/Documents/PythonDev/NewSegmentation/Notebook/CppSource/gdcm-2.6.3/bin/CMakeFiles/CMakeTmp/CheckIncludeFile.c
Linking C executable cmTC_7c95c
/usr/local/Cellar/cmake/3.4.1/bin/cmake -E cmake_link_script CMakeFiles/cmTC_7c95c.dir/link.txt --verbose=1
/Applications/Xcode.app/Contents/Developer/Toolchains/XcodeDefault.xctoolchain/usr/bin/cc    -Wl,-search_paths_first -Wl,-headerpad_max_install_names   CMakeFiles/cmTC_7c95c.dir/CheckIncludeFile.c.o  -o cmTC_7c95c  


Determining if the include file stdint.h exists passed with the following output:
Change Dir: /Users/umityoruk/Documents/PythonDev/NewSegmentation/Notebook/CppSource/gdcm-2.6.3/bin/CMakeFiles/CMakeTmp

Run Build Command:"/usr/bin/make" "cmTC_1db71/fast"
/Applications/Xcode.app/Contents/Developer/usr/bin/make -f CMakeFiles/cmTC_1db71.dir/build.make CMakeFiles/cmTC_1db71.dir/build
Building C object CMakeFiles/cmTC_1db71.dir/CheckIncludeFile.c.o
/Applications/Xcode.app/Contents/Developer/Toolchains/XcodeDefault.xctoolchain/usr/bin/cc     -o CMakeFiles/cmTC_1db71.dir/CheckIncludeFile.c.o   -c /Users/umityoruk/Documents/PythonDev/NewSegmentation/Notebook/CppSource/gdcm-2.6.3/bin/CMakeFiles/CMakeTmp/CheckIncludeFile.c
Linking C executable cmTC_1db71
/usr/local/Cellar/cmake/3.4.1/bin/cmake -E cmake_link_script CMakeFiles/cmTC_1db71.dir/link.txt --verbose=1
/Applications/Xcode.app/Contents/Developer/Toolchains/XcodeDefault.xctoolchain/usr/bin/cc    -Wl,-search_paths_first -Wl,-headerpad_max_install_names   CMakeFiles/cmTC_1db71.dir/CheckIncludeFile.c.o  -o cmTC_1db71  


Determining if the include file stddef.h exists passed with the following output:
Change Dir: /Users/umityoruk/Documents/PythonDev/NewSegmentation/Notebook/CppSource/gdcm-2.6.3/bin/CMakeFiles/CMakeTmp

Run Build Command:"/usr/bin/make" "cmTC_83439/fast"
/Applications/Xcode.app/Contents/Developer/usr/bin/make -f CMakeFiles/cmTC_83439.dir/build.make CMakeFiles/cmTC_83439.dir/build
Building C object CMakeFiles/cmTC_83439.dir/CheckIncludeFile.c.o
/Applications/Xcode.app/Contents/Developer/Toolchains/XcodeDefault.xctoolchain/usr/bin/cc     -o CMakeFiles/cmTC_83439.dir/CheckIncludeFile.c.o   -c /Users/umityoruk/Documents/PythonDev/NewSegmentation/Notebook/CppSource/gdcm-2.6.3/bin/CMakeFiles/CMakeTmp/CheckIncludeFile.c
Linking C executable cmTC_83439
/usr/local/Cellar/cmake/3.4.1/bin/cmake -E cmake_link_script CMakeFiles/cmTC_83439.dir/link.txt --verbose=1
/Applications/Xcode.app/Contents/Developer/Toolchains/XcodeDefault.xctoolchain/usr/bin/cc    -Wl,-search_paths_first -Wl,-headerpad_max_install_names   CMakeFiles/cmTC_83439.dir/CheckIncludeFile.c.o  -o cmTC_83439  


Determining size of unsigned short passed with the following output:
Change Dir: /Users/umityoruk/Documents/PythonDev/NewSegmentation/Notebook/CppSource/gdcm-2.6.3/bin/CMakeFiles/CMakeTmp

Run Build Command:"/usr/bin/make" "cmTC_e214b/fast"
/Applications/Xcode.app/Contents/Developer/usr/bin/make -f CMakeFiles/cmTC_e214b.dir/build.make CMakeFiles/cmTC_e214b.dir/build
Building C object CMakeFiles/cmTC_e214b.dir/CMAKE_SIZEOF_UNSIGNED_SHORT.c.o
/Applications/Xcode.app/Contents/Developer/Toolchains/XcodeDefault.xctoolchain/usr/bin/cc     -o CMakeFiles/cmTC_e214b.dir/CMAKE_SIZEOF_UNSIGNED_SHORT.c.o   -c /Users/umityoruk/Documents/PythonDev/NewSegmentation/Notebook/CppSource/gdcm-2.6.3/bin/CMakeFiles/CheckTypeSize/CMAKE_SIZEOF_UNSIGNED_SHORT.c
Linking C executable cmTC_e214b
/usr/local/Cellar/cmake/3.4.1/bin/cmake -E cmake_link_script CMakeFiles/cmTC_e214b.dir/link.txt --verbose=1
/Applications/Xcode.app/Contents/Developer/Toolchains/XcodeDefault.xctoolchain/usr/bin/cc    -Wl,-search_paths_first -Wl,-headerpad_max_install_names   CMakeFiles/cmTC_e214b.dir/CMAKE_SIZEOF_UNSIGNED_SHORT.c.o  -o cmTC_e214b  


Determining if the include file stdlib.h exists passed with the following output:
Change Dir: /Users/umityoruk/Documents/PythonDev/NewSegmentation/Notebook/CppSource/gdcm-2.6.3/bin/CMakeFiles/CMakeTmp

Run Build Command:"/usr/bin/make" "cmTC_1f651/fast"
/Applications/Xcode.app/Contents/Developer/usr/bin/make -f CMakeFiles/cmTC_1f651.dir/build.make CMakeFiles/cmTC_1f651.dir/build
Building C object CMakeFiles/cmTC_1f651.dir/CheckIncludeFile.c.o
/Applications/Xcode.app/Contents/Developer/Toolchains/XcodeDefault.xctoolchain/usr/bin/cc     -o CMakeFiles/cmTC_1f651.dir/CheckIncludeFile.c.o   -c /Users/umityoruk/Documents/PythonDev/NewSegmentation/Notebook/CppSource/gdcm-2.6.3/bin/CMakeFiles/CMakeTmp/CheckIncludeFile.c
Linking C executable cmTC_1f651
/usr/local/Cellar/cmake/3.4.1/bin/cmake -E cmake_link_script CMakeFiles/cmTC_1f651.dir/link.txt --verbose=1
/Applications/Xcode.app/Contents/Developer/Toolchains/XcodeDefault.xctoolchain/usr/bin/cc    -Wl,-search_paths_first -Wl,-headerpad_max_install_names   CMakeFiles/cmTC_1f651.dir/CheckIncludeFile.c.o  -o cmTC_1f651  


Determining if the include file string.h exists passed with the following output:
Change Dir: /Users/umityoruk/Documents/PythonDev/NewSegmentation/Notebook/CppSource/gdcm-2.6.3/bin/CMakeFiles/CMakeTmp

Run Build Command:"/usr/bin/make" "cmTC_37780/fast"
/Applications/Xcode.app/Contents/Developer/usr/bin/make -f CMakeFiles/cmTC_37780.dir/build.make CMakeFiles/cmTC_37780.dir/build
Building C object CMakeFiles/cmTC_37780.dir/CheckIncludeFile.c.o
/Applications/Xcode.app/Contents/Developer/Toolchains/XcodeDefault.xctoolchain/usr/bin/cc     -o CMakeFiles/cmTC_37780.dir/CheckIncludeFile.c.o   -c /Users/umityoruk/Documents/PythonDev/NewSegmentation/Notebook/CppSource/gdcm-2.6.3/bin/CMakeFiles/CMakeTmp/CheckIncludeFile.c
Linking C executable cmTC_37780
/usr/local/Cellar/cmake/3.4.1/bin/cmake -E cmake_link_script CMakeFiles/cmTC_37780.dir/link.txt --verbose=1
/Applications/Xcode.app/Contents/Developer/Toolchains/XcodeDefault.xctoolchain/usr/bin/cc    -Wl,-search_paths_first -Wl,-headerpad_max_install_names   CMakeFiles/cmTC_37780.dir/CheckIncludeFile.c.o  -o cmTC_37780  


Determining size of int passed with the following output:
Change Dir: /Users/umityoruk/Documents/PythonDev/NewSegmentation/Notebook/CppSource/gdcm-2.6.3/bin/CMakeFiles/CMakeTmp

Run Build Command:"/usr/bin/make" "cmTC_d192a/fast"
/Applications/Xcode.app/Contents/Developer/usr/bin/make -f CMakeFiles/cmTC_d192a.dir/build.make CMakeFiles/cmTC_d192a.dir/build
Building C object CMakeFiles/cmTC_d192a.dir/CMAKE_SIZEOF_INT.c.o
/Applications/Xcode.app/Contents/Developer/Toolchains/XcodeDefault.xctoolchain/usr/bin/cc     -o CMakeFiles/cmTC_d192a.dir/CMAKE_SIZEOF_INT.c.o   -c /Users/umityoruk/Documents/PythonDev/NewSegmentation/Notebook/CppSource/gdcm-2.6.3/bin/CMakeFiles/CheckTypeSize/CMAKE_SIZEOF_INT.c
Linking C executable cmTC_d192a
/usr/local/Cellar/cmake/3.4.1/bin/cmake -E cmake_link_script CMakeFiles/cmTC_d192a.dir/link.txt --verbose=1
/Applications/Xcode.app/Contents/Developer/Toolchains/XcodeDefault.xctoolchain/usr/bin/cc    -Wl,-search_paths_first -Wl,-headerpad_max_install_names   CMakeFiles/cmTC_d192a.dir/CMAKE_SIZEOF_INT.c.o  -o cmTC_d192a  


Determining size of long passed with the following output:
Change Dir: /Users/umityoruk/Documents/PythonDev/NewSegmentation/Notebook/CppSource/gdcm-2.6.3/bin/CMakeFiles/CMakeTmp

Run Build Command:"/usr/bin/make" "cmTC_c738e/fast"
/Applications/Xcode.app/Contents/Developer/usr/bin/make -f CMakeFiles/cmTC_c738e.dir/build.make CMakeFiles/cmTC_c738e.dir/build
Building C object CMakeFiles/cmTC_c738e.dir/CMAKE_SIZEOF_LONG.c.o
/Applications/Xcode.app/Contents/Developer/Toolchains/XcodeDefault.xctoolchain/usr/bin/cc     -o CMakeFiles/cmTC_c738e.dir/CMAKE_SIZEOF_LONG.c.o   -c /Users/umityoruk/Documents/PythonDev/NewSegmentation/Notebook/CppSource/gdcm-2.6.3/bin/CMakeFiles/CheckTypeSize/CMAKE_SIZEOF_LONG.c
Linking C executable cmTC_c738e
/usr/local/Cellar/cmake/3.4.1/bin/cmake -E cmake_link_script CMakeFiles/cmTC_c738e.dir/link.txt --verbose=1
/Applications/Xcode.app/Contents/Developer/Toolchains/XcodeDefault.xctoolchain/usr/bin/cc    -Wl,-search_paths_first -Wl,-headerpad_max_install_names   CMakeFiles/cmTC_c738e.dir/CMAKE_SIZEOF_LONG.c.o  -o cmTC_c738e  


Determining size of void* passed with the following output:
Change Dir: /Users/umityoruk/Documents/PythonDev/NewSegmentation/Notebook/CppSource/gdcm-2.6.3/bin/CMakeFiles/CMakeTmp

Run Build Command:"/usr/bin/make" "cmTC_5a6b5/fast"
/Applications/Xcode.app/Contents/Developer/usr/bin/make -f CMakeFiles/cmTC_5a6b5.dir/build.make CMakeFiles/cmTC_5a6b5.dir/build
Building C object CMakeFiles/cmTC_5a6b5.dir/CMAKE_SIZEOF_VOID_P.c.o
/Applications/Xcode.app/Contents/Developer/Toolchains/XcodeDefault.xctoolchain/usr/bin/cc     -o CMakeFiles/cmTC_5a6b5.dir/CMAKE_SIZEOF_VOID_P.c.o   -c /Users/umityoruk/Documents/PythonDev/NewSegmentation/Notebook/CppSource/gdcm-2.6.3/bin/CMakeFiles/CheckTypeSize/CMAKE_SIZEOF_VOID_P.c
Linking C executable cmTC_5a6b5
/usr/local/Cellar/cmake/3.4.1/bin/cmake -E cmake_link_script CMakeFiles/cmTC_5a6b5.dir/link.txt --verbose=1
/Applications/Xcode.app/Contents/Developer/Toolchains/XcodeDefault.xctoolchain/usr/bin/cc    -Wl,-search_paths_first -Wl,-headerpad_max_install_names   CMakeFiles/cmTC_5a6b5.dir/CMAKE_SIZEOF_VOID_P.c.o  -o cmTC_5a6b5  


Determining size of char passed with the following output:
Change Dir: /Users/umityoruk/Documents/PythonDev/NewSegmentation/Notebook/CppSource/gdcm-2.6.3/bin/CMakeFiles/CMakeTmp

Run Build Command:"/usr/bin/make" "cmTC_91f79/fast"
/Applications/Xcode.app/Contents/Developer/usr/bin/make -f CMakeFiles/cmTC_91f79.dir/build.make CMakeFiles/cmTC_91f79.dir/build
Building C object CMakeFiles/cmTC_91f79.dir/CMAKE_SIZEOF_CHAR.c.o
/Applications/Xcode.app/Contents/Developer/Toolchains/XcodeDefault.xctoolchain/usr/bin/cc     -o CMakeFiles/cmTC_91f79.dir/CMAKE_SIZEOF_CHAR.c.o   -c /Users/umityoruk/Documents/PythonDev/NewSegmentation/Notebook/CppSource/gdcm-2.6.3/bin/CMakeFiles/CheckTypeSize/CMAKE_SIZEOF_CHAR.c
Linking C executable cmTC_91f79
/usr/local/Cellar/cmake/3.4.1/bin/cmake -E cmake_link_script CMakeFiles/cmTC_91f79.dir/link.txt --verbose=1
/Applications/Xcode.app/Contents/Developer/Toolchains/XcodeDefault.xctoolchain/usr/bin/cc    -Wl,-search_paths_first -Wl,-headerpad_max_install_names   CMakeFiles/cmTC_91f79.dir/CMAKE_SIZEOF_CHAR.c.o  -o cmTC_91f79  


Determining size of short passed with the following output:
Change Dir: /Users/umityoruk/Documents/PythonDev/NewSegmentation/Notebook/CppSource/gdcm-2.6.3/bin/CMakeFiles/CMakeTmp

Run Build Command:"/usr/bin/make" "cmTC_67e1e/fast"
/Applications/Xcode.app/Contents/Developer/usr/bin/make -f CMakeFiles/cmTC_67e1e.dir/build.make CMakeFiles/cmTC_67e1e.dir/build
Building C object CMakeFiles/cmTC_67e1e.dir/CMAKE_SIZEOF_SHORT.c.o
/Applications/Xcode.app/Contents/Developer/Toolchains/XcodeDefault.xctoolchain/usr/bin/cc     -o CMakeFiles/cmTC_67e1e.dir/CMAKE_SIZEOF_SHORT.c.o   -c /Users/umityoruk/Documents/PythonDev/NewSegmentation/Notebook/CppSource/gdcm-2.6.3/bin/CMakeFiles/CheckTypeSize/CMAKE_SIZEOF_SHORT.c
Linking C executable cmTC_67e1e
/usr/local/Cellar/cmake/3.4.1/bin/cmake -E cmake_link_script CMakeFiles/cmTC_67e1e.dir/link.txt --verbose=1
/Applications/Xcode.app/Contents/Developer/Toolchains/XcodeDefault.xctoolchain/usr/bin/cc    -Wl,-search_paths_first -Wl,-headerpad_max_install_names   CMakeFiles/cmTC_67e1e.dir/CMAKE_SIZEOF_SHORT.c.o  -o cmTC_67e1e  


Determining size of float passed with the following output:
Change Dir: /Users/umityoruk/Documents/PythonDev/NewSegmentation/Notebook/CppSource/gdcm-2.6.3/bin/CMakeFiles/CMakeTmp

Run Build Command:"/usr/bin/make" "cmTC_a68f0/fast"
/Applications/Xcode.app/Contents/Developer/usr/bin/make -f CMakeFiles/cmTC_a68f0.dir/build.make CMakeFiles/cmTC_a68f0.dir/build
Building C object CMakeFiles/cmTC_a68f0.dir/CMAKE_SIZEOF_FLOAT.c.o
/Applications/Xcode.app/Contents/Developer/Toolchains/XcodeDefault.xctoolchain/usr/bin/cc     -o CMakeFiles/cmTC_a68f0.dir/CMAKE_SIZEOF_FLOAT.c.o   -c /Users/umityoruk/Documents/PythonDev/NewSegmentation/Notebook/CppSource/gdcm-2.6.3/bin/CMakeFiles/CheckTypeSize/CMAKE_SIZEOF_FLOAT.c
Linking C executable cmTC_a68f0
/usr/local/Cellar/cmake/3.4.1/bin/cmake -E cmake_link_script CMakeFiles/cmTC_a68f0.dir/link.txt --verbose=1
/Applications/Xcode.app/Contents/Developer/Toolchains/XcodeDefault.xctoolchain/usr/bin/cc    -Wl,-search_paths_first -Wl,-headerpad_max_install_names   CMakeFiles/cmTC_a68f0.dir/CMAKE_SIZEOF_FLOAT.c.o  -o cmTC_a68f0  


Determining size of double passed with the following output:
Change Dir: /Users/umityoruk/Documents/PythonDev/NewSegmentation/Notebook/CppSource/gdcm-2.6.3/bin/CMakeFiles/CMakeTmp

Run Build Command:"/usr/bin/make" "cmTC_93593/fast"
/Applications/Xcode.app/Contents/Developer/usr/bin/make -f CMakeFiles/cmTC_93593.dir/build.make CMakeFiles/cmTC_93593.dir/build
Building C object CMakeFiles/cmTC_93593.dir/CMAKE_SIZEOF_DOUBLE.c.o
/Applications/Xcode.app/Contents/Developer/Toolchains/XcodeDefault.xctoolchain/usr/bin/cc     -o CMakeFiles/cmTC_93593.dir/CMAKE_SIZEOF_DOUBLE.c.o   -c /Users/umityoruk/Documents/PythonDev/NewSegmentation/Notebook/CppSource/gdcm-2.6.3/bin/CMakeFiles/CheckTypeSize/CMAKE_SIZEOF_DOUBLE.c
Linking C executable cmTC_93593
/usr/local/Cellar/cmake/3.4.1/bin/cmake -E cmake_link_script CMakeFiles/cmTC_93593.dir/link.txt --verbose=1
/Applications/Xcode.app/Contents/Developer/Toolchains/XcodeDefault.xctoolchain/usr/bin/cc    -Wl,-search_paths_first -Wl,-headerpad_max_install_names   CMakeFiles/cmTC_93593.dir/CMAKE_SIZEOF_DOUBLE.c.o  -o cmTC_93593  


Determining if the include file limits.h exists passed with the following output:
Change Dir: /Users/umityoruk/Documents/PythonDev/NewSegmentation/Notebook/CppSource/gdcm-2.6.3/bin/CMakeFiles/CMakeTmp

Run Build Command:"/usr/bin/make" "cmTC_ff45a/fast"
/Applications/Xcode.app/Contents/Developer/usr/bin/make -f CMakeFiles/cmTC_ff45a.dir/build.make CMakeFiles/cmTC_ff45a.dir/build
Building C object CMakeFiles/cmTC_ff45a.dir/CheckIncludeFile.c.o
/Applications/Xcode.app/Contents/Developer/Toolchains/XcodeDefault.xctoolchain/usr/bin/cc     -o CMakeFiles/cmTC_ff45a.dir/CheckIncludeFile.c.o   -c /Users/umityoruk/Documents/PythonDev/NewSegmentation/Notebook/CppSource/gdcm-2.6.3/bin/CMakeFiles/CMakeTmp/CheckIncludeFile.c
Linking C executable cmTC_ff45a
/usr/local/Cellar/cmake/3.4.1/bin/cmake -E cmake_link_script CMakeFiles/cmTC_ff45a.dir/link.txt --verbose=1
/Applications/Xcode.app/Contents/Developer/Toolchains/XcodeDefault.xctoolchain/usr/bin/cc    -Wl,-search_paths_first -Wl,-headerpad_max_install_names   CMakeFiles/cmTC_ff45a.dir/CheckIncludeFile.c.o  -o cmTC_ff45a  


Determining if the include file unistd.h exists passed with the following output:
Change Dir: /Users/umityoruk/Documents/PythonDev/NewSegmentation/Notebook/CppSource/gdcm-2.6.3/bin/CMakeFiles/CMakeTmp

Run Build Command:"/usr/bin/make" "cmTC_2240e/fast"
/Applications/Xcode.app/Contents/Developer/usr/bin/make -f CMakeFiles/cmTC_2240e.dir/build.make CMakeFiles/cmTC_2240e.dir/build
Building C object CMakeFiles/cmTC_2240e.dir/CheckIncludeFile.c.o
/Applications/Xcode.app/Contents/Developer/Toolchains/XcodeDefault.xctoolchain/usr/bin/cc     -o CMakeFiles/cmTC_2240e.dir/CheckIncludeFile.c.o   -c /Users/umityoruk/Documents/PythonDev/NewSegmentation/Notebook/CppSource/gdcm-2.6.3/bin/CMakeFiles/CMakeTmp/CheckIncludeFile.c
Linking C executable cmTC_2240e
/usr/local/Cellar/cmake/3.4.1/bin/cmake -E cmake_link_script CMakeFiles/cmTC_2240e.dir/link.txt --verbose=1
/Applications/Xcode.app/Contents/Developer/Toolchains/XcodeDefault.xctoolchain/usr/bin/cc    -Wl,-search_paths_first -Wl,-headerpad_max_install_names   CMakeFiles/cmTC_2240e.dir/CheckIncludeFile.c.o  -o cmTC_2240e  


Determining if the include file pthread.h exists passed with the following output:
Change Dir: /Users/umityoruk/Documents/PythonDev/NewSegmentation/Notebook/CppSource/gdcm-2.6.3/bin/CMakeFiles/CMakeTmp

Run Build Command:"/usr/bin/make" "cmTC_25a70/fast"
/Applications/Xcode.app/Contents/Developer/usr/bin/make -f CMakeFiles/cmTC_25a70.dir/build.make CMakeFiles/cmTC_25a70.dir/build
Building C object CMakeFiles/cmTC_25a70.dir/CheckIncludeFile.c.o
/Applications/Xcode.app/Contents/Developer/Toolchains/XcodeDefault.xctoolchain/usr/bin/cc     -o CMakeFiles/cmTC_25a70.dir/CheckIncludeFile.c.o   -c /Users/umityoruk/Documents/PythonDev/NewSegmentation/Notebook/CppSource/gdcm-2.6.3/bin/CMakeFiles/CMakeTmp/CheckIncludeFile.c
Linking C executable cmTC_25a70
/usr/local/Cellar/cmake/3.4.1/bin/cmake -E cmake_link_script CMakeFiles/cmTC_25a70.dir/link.txt --verbose=1
/Applications/Xcode.app/Contents/Developer/Toolchains/XcodeDefault.xctoolchain/usr/bin/cc    -Wl,-search_paths_first -Wl,-headerpad_max_install_names   CMakeFiles/cmTC_25a70.dir/CheckIncludeFile.c.o  -o cmTC_25a70  


Determining if the function XOpenDisplay exists in the /opt/X11/lib/libX11.dylib;/opt/X11/lib/libXext.dylib passed with the following output:
Change Dir: /Users/umityoruk/Documents/PythonDev/NewSegmentation/Notebook/CppSource/gdcm-2.6.3/bin/CMakeFiles/CMakeTmp

Run Build Command:"/usr/bin/make" "cmTC_6a739/fast"
/Applications/Xcode.app/Contents/Developer/usr/bin/make -f CMakeFiles/cmTC_6a739.dir/build.make CMakeFiles/cmTC_6a739.dir/build
Building C object CMakeFiles/cmTC_6a739.dir/CheckFunctionExists.c.o
/Applications/Xcode.app/Contents/Developer/Toolchains/XcodeDefault.xctoolchain/usr/bin/cc    -DCHECK_FUNCTION_EXISTS=XOpenDisplay   -o CMakeFiles/cmTC_6a739.dir/CheckFunctionExists.c.o   -c /usr/local/Cellar/cmake/3.4.1/share/cmake/Modules/CheckFunctionExists.c
Linking C executable cmTC_6a739
/usr/local/Cellar/cmake/3.4.1/bin/cmake -E cmake_link_script CMakeFiles/cmTC_6a739.dir/link.txt --verbose=1
/Applications/Xcode.app/Contents/Developer/Toolchains/XcodeDefault.xctoolchain/usr/bin/cc   -DCHECK_FUNCTION_EXISTS=XOpenDisplay -Wl,-search_paths_first -Wl,-headerpad_max_install_names   CMakeFiles/cmTC_6a739.dir/CheckFunctionExists.c.o  -o cmTC_6a739  -L/opt/X11/lib  /opt/X11/lib/libX11.dylib /opt/X11/lib/libXext.dylib -Wl,-rpath,/opt/X11/lib 


Determining if the function gethostbyname exists passed with the following output:
Change Dir: /Users/umityoruk/Documents/PythonDev/NewSegmentation/Notebook/CppSource/gdcm-2.6.3/bin/CMakeFiles/CMakeTmp

Run Build Command:"/usr/bin/make" "cmTC_75822/fast"
/Applications/Xcode.app/Contents/Developer/usr/bin/make -f CMakeFiles/cmTC_75822.dir/build.make CMakeFiles/cmTC_75822.dir/build
Building C object CMakeFiles/cmTC_75822.dir/CheckFunctionExists.c.o
/Applications/Xcode.app/Contents/Developer/Toolchains/XcodeDefault.xctoolchain/usr/bin/cc    -DCHECK_FUNCTION_EXISTS=gethostbyname   -o CMakeFiles/cmTC_75822.dir/CheckFunctionExists.c.o   -c /usr/local/Cellar/cmake/3.4.1/share/cmake/Modules/CheckFunctionExists.c
Linking C executable cmTC_75822
/usr/local/Cellar/cmake/3.4.1/bin/cmake -E cmake_link_script CMakeFiles/cmTC_75822.dir/link.txt --verbose=1
/Applications/Xcode.app/Contents/Developer/Toolchains/XcodeDefault.xctoolchain/usr/bin/cc   -DCHECK_FUNCTION_EXISTS=gethostbyname -Wl,-search_paths_first -Wl,-headerpad_max_install_names   CMakeFiles/cmTC_75822.dir/CheckFunctionExists.c.o  -o cmTC_75822  


Determining if the function connect exists passed with the following output:
Change Dir: /Users/umityoruk/Documents/PythonDev/NewSegmentation/Notebook/CppSource/gdcm-2.6.3/bin/CMakeFiles/CMakeTmp

Run Build Command:"/usr/bin/make" "cmTC_4a900/fast"
/Applications/Xcode.app/Contents/Developer/usr/bin/make -f CMakeFiles/cmTC_4a900.dir/build.make CMakeFiles/cmTC_4a900.dir/build
Building C object CMakeFiles/cmTC_4a900.dir/CheckFunctionExists.c.o
/Applications/Xcode.app/Contents/Developer/Toolchains/XcodeDefault.xctoolchain/usr/bin/cc    -DCHECK_FUNCTION_EXISTS=connect   -o CMakeFiles/cmTC_4a900.dir/CheckFunctionExists.c.o   -c /usr/local/Cellar/cmake/3.4.1/share/cmake/Modules/CheckFunctionExists.c
Linking C executable cmTC_4a900
/usr/local/Cellar/cmake/3.4.1/bin/cmake -E cmake_link_script CMakeFiles/cmTC_4a900.dir/link.txt --verbose=1
/Applications/Xcode.app/Contents/Developer/Toolchains/XcodeDefault.xctoolchain/usr/bin/cc   -DCHECK_FUNCTION_EXISTS=connect -Wl,-search_paths_first -Wl,-headerpad_max_install_names   CMakeFiles/cmTC_4a900.dir/CheckFunctionExists.c.o  -o cmTC_4a900  


Determining if the function remove exists passed with the following output:
Change Dir: /Users/umityoruk/Documents/PythonDev/NewSegmentation/Notebook/CppSource/gdcm-2.6.3/bin/CMakeFiles/CMakeTmp

Run Build Command:"/usr/bin/make" "cmTC_1d9cf/fast"
/Applications/Xcode.app/Contents/Developer/usr/bin/make -f CMakeFiles/cmTC_1d9cf.dir/build.make CMakeFiles/cmTC_1d9cf.dir/build
Building C object CMakeFiles/cmTC_1d9cf.dir/CheckFunctionExists.c.o
/Applications/Xcode.app/Contents/Developer/Toolchains/XcodeDefault.xctoolchain/usr/bin/cc    -DCHECK_FUNCTION_EXISTS=remove   -o CMakeFiles/cmTC_1d9cf.dir/CheckFunctionExists.c.o   -c /usr/local/Cellar/cmake/3.4.1/share/cmake/Modules/CheckFunctionExists.c
Linking C executable cmTC_1d9cf
/usr/local/Cellar/cmake/3.4.1/bin/cmake -E cmake_link_script CMakeFiles/cmTC_1d9cf.dir/link.txt --verbose=1
/Applications/Xcode.app/Contents/Developer/Toolchains/XcodeDefault.xctoolchain/usr/bin/cc   -DCHECK_FUNCTION_EXISTS=remove -Wl,-search_paths_first -Wl,-headerpad_max_install_names   CMakeFiles/cmTC_1d9cf.dir/CheckFunctionExists.c.o  -o cmTC_1d9cf  


Determining if the function shmat exists passed with the following output:
Change Dir: /Users/umityoruk/Documents/PythonDev/NewSegmentation/Notebook/CppSource/gdcm-2.6.3/bin/CMakeFiles/CMakeTmp

Run Build Command:"/usr/bin/make" "cmTC_47843/fast"
/Applications/Xcode.app/Contents/Developer/usr/bin/make -f CMakeFiles/cmTC_47843.dir/build.make CMakeFiles/cmTC_47843.dir/build
Building C object CMakeFiles/cmTC_47843.dir/CheckFunctionExists.c.o
/Applications/Xcode.app/Contents/Developer/Toolchains/XcodeDefault.xctoolchain/usr/bin/cc    -DCHECK_FUNCTION_EXISTS=shmat   -o CMakeFiles/cmTC_47843.dir/CheckFunctionExists.c.o   -c /usr/local/Cellar/cmake/3.4.1/share/cmake/Modules/CheckFunctionExists.c
Linking C executable cmTC_47843
/usr/local/Cellar/cmake/3.4.1/bin/cmake -E cmake_link_script CMakeFiles/cmTC_47843.dir/link.txt --verbose=1
/Applications/Xcode.app/Contents/Developer/Toolchains/XcodeDefault.xctoolchain/usr/bin/cc   -DCHECK_FUNCTION_EXISTS=shmat -Wl,-search_paths_first -Wl,-headerpad_max_install_names   CMakeFiles/cmTC_47843.dir/CheckFunctionExists.c.o  -o cmTC_47843  


Determining if the function IceConnectionNumber exists in the ICE passed with the following output:
Change Dir: /Users/umityoruk/Documents/PythonDev/NewSegmentation/Notebook/CppSource/gdcm-2.6.3/bin/CMakeFiles/CMakeTmp

Run Build Command:"/usr/bin/make" "cmTC_2aeec/fast"
/Applications/Xcode.app/Contents/Developer/usr/bin/make -f CMakeFiles/cmTC_2aeec.dir/build.make CMakeFiles/cmTC_2aeec.dir/build
Building C object CMakeFiles/cmTC_2aeec.dir/CheckFunctionExists.c.o
/Applications/Xcode.app/Contents/Developer/Toolchains/XcodeDefault.xctoolchain/usr/bin/cc    -DCHECK_FUNCTION_EXISTS=IceConnectionNumber   -o CMakeFiles/cmTC_2aeec.dir/CheckFunctionExists.c.o   -c /usr/local/Cellar/cmake/3.4.1/share/cmake/Modules/CheckFunctionExists.c
Linking C executable cmTC_2aeec
/usr/local/Cellar/cmake/3.4.1/bin/cmake -E cmake_link_script CMakeFiles/cmTC_2aeec.dir/link.txt --verbose=1
/Applications/Xcode.app/Contents/Developer/Toolchains/XcodeDefault.xctoolchain/usr/bin/cc   -DCHECK_FUNCTION_EXISTS=IceConnectionNumber -Wl,-search_paths_first -Wl,-headerpad_max_install_names   CMakeFiles/cmTC_2aeec.dir/CheckFunctionExists.c.o  -o cmTC_2aeec  -L/opt/X11/lib  -lICE -Wl,-rpath,/opt/X11/lib 


Determining if the pthread_create exist passed with the following output:
Change Dir: /Users/umityoruk/Documents/PythonDev/NewSegmentation/Notebook/CppSource/gdcm-2.6.3/bin/CMakeFiles/CMakeTmp

Run Build Command:"/usr/bin/make" "cmTC_70a64/fast"
/Applications/Xcode.app/Contents/Developer/usr/bin/make -f CMakeFiles/cmTC_70a64.dir/build.make CMakeFiles/cmTC_70a64.dir/build
Building C object CMakeFiles/cmTC_70a64.dir/CheckSymbolExists.c.o
/Applications/Xcode.app/Contents/Developer/Toolchains/XcodeDefault.xctoolchain/usr/bin/cc     -o CMakeFiles/cmTC_70a64.dir/CheckSymbolExists.c.o   -c /Users/umityoruk/Documents/PythonDev/NewSegmentation/Notebook/CppSource/gdcm-2.6.3/bin/CMakeFiles/CMakeTmp/CheckSymbolExists.c
Linking C executable cmTC_70a64
/usr/local/Cellar/cmake/3.4.1/bin/cmake -E cmake_link_script CMakeFiles/cmTC_70a64.dir/link.txt --verbose=1
/Applications/Xcode.app/Contents/Developer/Toolchains/XcodeDefault.xctoolchain/usr/bin/cc    -Wl,-search_paths_first -Wl,-headerpad_max_install_names   CMakeFiles/cmTC_70a64.dir/CheckSymbolExists.c.o  -o cmTC_70a64  

File /Users/umityoruk/Documents/PythonDev/NewSegmentation/Notebook/CppSource/gdcm-2.6.3/bin/CMakeFiles/CMakeTmp/CheckSymbolExists.c:
/* */
#include <pthread.h>

int main(int argc, char** argv)
{
  (void)argv;
#ifndef pthread_create
  return ((int*)(&pthread_create))[argc];
#else
  (void)argc;
  return 0;
#endif
}

Determining if the include file getopt.h exists passed with the following output:
Change Dir: /Users/umityoruk/Documents/PythonDev/NewSegmentation/Notebook/CppSource/gdcm-2.6.3/bin/CMakeFiles/CMakeTmp

Run Build Command:"/usr/bin/make" "cmTC_80f98/fast"
/Applications/Xcode.app/Contents/Developer/usr/bin/make -f CMakeFiles/cmTC_80f98.dir/build.make CMakeFiles/cmTC_80f98.dir/build
Building C object CMakeFiles/cmTC_80f98.dir/CheckIncludeFile.c.o
/Applications/Xcode.app/Contents/Developer/Toolchains/XcodeDefault.xctoolchain/usr/bin/cc     -o CMakeFiles/cmTC_80f98.dir/CheckIncludeFile.c.o   -c /Users/umityoruk/Documents/PythonDev/NewSegmentation/Notebook/CppSource/gdcm-2.6.3/bin/CMakeFiles/CMakeTmp/CheckIncludeFile.c
Linking C executable cmTC_80f98
/usr/local/Cellar/cmake/3.4.1/bin/cmake -E cmake_link_script CMakeFiles/cmTC_80f98.dir/link.txt --verbose=1
/Applications/Xcode.app/Contents/Developer/Toolchains/XcodeDefault.xctoolchain/usr/bin/cc    -Wl,-search_paths_first -Wl,-headerpad_max_install_names   CMakeFiles/cmTC_80f98.dir/CheckIncludeFile.c.o  -o cmTC_80f98  


Determining if the include file strings.h exists passed with the following output:
Change Dir: /Users/umityoruk/Documents/PythonDev/NewSegmentation/Notebook/CppSource/gdcm-2.6.3/bin/CMakeFiles/CMakeTmp

Run Build Command:"/usr/bin/make" "cmTC_fc6d8/fast"
/Applications/Xcode.app/Contents/Developer/usr/bin/make -f CMakeFiles/cmTC_fc6d8.dir/build.make CMakeFiles/cmTC_fc6d8.dir/build
Building C object CMakeFiles/cmTC_fc6d8.dir/CheckIncludeFile.c.o
/Applications/Xcode.app/Contents/Developer/Toolchains/XcodeDefault.xctoolchain/usr/bin/cc     -o CMakeFiles/cmTC_fc6d8.dir/CheckIncludeFile.c.o   -c /Users/umityoruk/Documents/PythonDev/NewSegmentation/Notebook/CppSource/gdcm-2.6.3/bin/CMakeFiles/CMakeTmp/CheckIncludeFile.c
Linking C executable cmTC_fc6d8
/usr/local/Cellar/cmake/3.4.1/bin/cmake -E cmake_link_script CMakeFiles/cmTC_fc6d8.dir/link.txt --verbose=1
/Applications/Xcode.app/Contents/Developer/Toolchains/XcodeDefault.xctoolchain/usr/bin/cc    -Wl,-search_paths_first -Wl,-headerpad_max_install_names   CMakeFiles/cmTC_fc6d8.dir/CheckIncludeFile.c.o  -o cmTC_fc6d8  


Determining if the include file inttypes.h exists passed with the following output:
Change Dir: /Users/umityoruk/Documents/PythonDev/NewSegmentation/Notebook/CppSource/gdcm-2.6.3/bin/CMakeFiles/CMakeTmp

Run Build Command:"/usr/bin/make" "cmTC_41524/fast"
/Applications/Xcode.app/Contents/Developer/usr/bin/make -f CMakeFiles/cmTC_41524.dir/build.make CMakeFiles/cmTC_41524.dir/build
Building C object CMakeFiles/cmTC_41524.dir/CheckIncludeFile.c.o
/Applications/Xcode.app/Contents/Developer/Toolchains/XcodeDefault.xctoolchain/usr/bin/cc     -o CMakeFiles/cmTC_41524.dir/CheckIncludeFile.c.o   -c /Users/umityoruk/Documents/PythonDev/NewSegmentation/Notebook/CppSource/gdcm-2.6.3/bin/CMakeFiles/CMakeTmp/CheckIncludeFile.c
Linking C executable cmTC_41524
/usr/local/Cellar/cmake/3.4.1/bin/cmake -E cmake_link_script CMakeFiles/cmTC_41524.dir/link.txt --verbose=1
/Applications/Xcode.app/Contents/Developer/Toolchains/XcodeDefault.xctoolchain/usr/bin/cc    -Wl,-search_paths_first -Wl,-headerpad_max_install_names   CMakeFiles/cmTC_41524.dir/CheckIncludeFile.c.o  -o cmTC_41524  


Determining if the include file memory.h exists passed with the following output:
Change Dir: /Users/umityoruk/Documents/PythonDev/NewSegmentation/Notebook/CppSource/gdcm-2.6.3/bin/CMakeFiles/CMakeTmp

Run Build Command:"/usr/bin/make" "cmTC_2c996/fast"
/Applications/Xcode.app/Contents/Developer/usr/bin/make -f CMakeFiles/cmTC_2c996.dir/build.make CMakeFiles/cmTC_2c996.dir/build
Building C object CMakeFiles/cmTC_2c996.dir/CheckIncludeFile.c.o
/Applications/Xcode.app/Contents/Developer/Toolchains/XcodeDefault.xctoolchain/usr/bin/cc     -o CMakeFiles/cmTC_2c996.dir/CheckIncludeFile.c.o   -c /Users/umityoruk/Documents/PythonDev/NewSegmentation/Notebook/CppSource/gdcm-2.6.3/bin/CMakeFiles/CMakeTmp/CheckIncludeFile.c
Linking C executable cmTC_2c996
/usr/local/Cellar/cmake/3.4.1/bin/cmake -E cmake_link_script CMakeFiles/cmTC_2c996.dir/link.txt --verbose=1
/Applications/Xcode.app/Contents/Developer/Toolchains/XcodeDefault.xctoolchain/usr/bin/cc    -Wl,-search_paths_first -Wl,-headerpad_max_install_names   CMakeFiles/cmTC_2c996.dir/CheckIncludeFile.c.o  -o cmTC_2c996  


Determining if the include file string.h exists passed with the following output:
Change Dir: /Users/umityoruk/Documents/PythonDev/NewSegmentation/Notebook/CppSource/gdcm-2.6.3/bin/CMakeFiles/CMakeTmp

Run Build Command:"/usr/bin/make" "cmTC_29b08/fast"
/Applications/Xcode.app/Contents/Developer/usr/bin/make -f CMakeFiles/cmTC_29b08.dir/build.make CMakeFiles/cmTC_29b08.dir/build
Building C object CMakeFiles/cmTC_29b08.dir/CheckIncludeFile.c.o
/Applications/Xcode.app/Contents/Developer/Toolchains/XcodeDefault.xctoolchain/usr/bin/cc     -o CMakeFiles/cmTC_29b08.dir/CheckIncludeFile.c.o   -c /Users/umityoruk/Documents/PythonDev/NewSegmentation/Notebook/CppSource/gdcm-2.6.3/bin/CMakeFiles/CMakeTmp/CheckIncludeFile.c
Linking C executable cmTC_29b08
/usr/local/Cellar/cmake/3.4.1/bin/cmake -E cmake_link_script CMakeFiles/cmTC_29b08.dir/link.txt --verbose=1
/Applications/Xcode.app/Contents/Developer/Toolchains/XcodeDefault.xctoolchain/usr/bin/cc    -Wl,-search_paths_first -Wl,-headerpad_max_install_names   CMakeFiles/cmTC_29b08.dir/CheckIncludeFile.c.o  -o cmTC_29b08  


Determining if the include file sys/stat.h exists passed with the following output:
Change Dir: /Users/umityoruk/Documents/PythonDev/NewSegmentation/Notebook/CppSource/gdcm-2.6.3/bin/CMakeFiles/CMakeTmp

Run Build Command:"/usr/bin/make" "cmTC_51df7/fast"
/Applications/Xcode.app/Contents/Developer/usr/bin/make -f CMakeFiles/cmTC_51df7.dir/build.make CMakeFiles/cmTC_51df7.dir/build
Building C object CMakeFiles/cmTC_51df7.dir/CheckIncludeFile.c.o
/Applications/Xcode.app/Contents/Developer/Toolchains/XcodeDefault.xctoolchain/usr/bin/cc     -o CMakeFiles/cmTC_51df7.dir/CheckIncludeFile.c.o   -c /Users/umityoruk/Documents/PythonDev/NewSegmentation/Notebook/CppSource/gdcm-2.6.3/bin/CMakeFiles/CMakeTmp/CheckIncludeFile.c
Linking C executable cmTC_51df7
/usr/local/Cellar/cmake/3.4.1/bin/cmake -E cmake_link_script CMakeFiles/cmTC_51df7.dir/link.txt --verbose=1
/Applications/Xcode.app/Contents/Developer/Toolchains/XcodeDefault.xctoolchain/usr/bin/cc    -Wl,-search_paths_first -Wl,-headerpad_max_install_names   CMakeFiles/cmTC_51df7.dir/CheckIncludeFile.c.o  -o cmTC_51df7  


Determining if the include file unistd.h exists passed with the following output:
Change Dir: /Users/umityoruk/Documents/PythonDev/NewSegmentation/Notebook/CppSource/gdcm-2.6.3/bin/CMakeFiles/CMakeTmp

Run Build Command:"/usr/bin/make" "cmTC_9caf8/fast"
/Applications/Xcode.app/Contents/Developer/usr/bin/make -f CMakeFiles/cmTC_9caf8.dir/build.make CMakeFiles/cmTC_9caf8.dir/build
Building C object CMakeFiles/cmTC_9caf8.dir/CheckIncludeFile.c.o
/Applications/Xcode.app/Contents/Developer/Toolchains/XcodeDefault.xctoolchain/usr/bin/cc     -o CMakeFiles/cmTC_9caf8.dir/CheckIncludeFile.c.o   -c /Users/umityoruk/Documents/PythonDev/NewSegmentation/Notebook/CppSource/gdcm-2.6.3/bin/CMakeFiles/CMakeTmp/CheckIncludeFile.c
Linking C executable cmTC_9caf8
/usr/local/Cellar/cmake/3.4.1/bin/cmake -E cmake_link_script CMakeFiles/cmTC_9caf8.dir/link.txt --verbose=1
/Applications/Xcode.app/Contents/Developer/Toolchains/XcodeDefault.xctoolchain/usr/bin/cc    -Wl,-search_paths_first -Wl,-headerpad_max_install_names   CMakeFiles/cmTC_9caf8.dir/CheckIncludeFile.c.o  -o cmTC_9caf8  


Determining if files stdlib.h;unistd.h;inttypes.h;sys/ioctl.h exist passed with the following output:
Change Dir: /Users/umityoruk/Documents/PythonDev/NewSegmentation/Notebook/CppSource/gdcm-2.6.3/bin/CMakeFiles/CMakeTmp

Run Build Command:"/usr/bin/make" "cmTC_ff65e/fast"
/Applications/Xcode.app/Contents/Developer/usr/bin/make -f CMakeFiles/cmTC_ff65e.dir/build.make CMakeFiles/cmTC_ff65e.dir/build
Building C object CMakeFiles/cmTC_ff65e.dir/CheckIncludeFiles.c.o
/Applications/Xcode.app/Contents/Developer/Toolchains/XcodeDefault.xctoolchain/usr/bin/cc     -o CMakeFiles/cmTC_ff65e.dir/CheckIncludeFiles.c.o   -c /Users/umityoruk/Documents/PythonDev/NewSegmentation/Notebook/CppSource/gdcm-2.6.3/bin/CMakeFiles/CMakeTmp/CheckIncludeFiles.c
Linking C executable cmTC_ff65e
/usr/local/Cellar/cmake/3.4.1/bin/cmake -E cmake_link_script CMakeFiles/cmTC_ff65e.dir/link.txt --verbose=1
/Applications/Xcode.app/Contents/Developer/Toolchains/XcodeDefault.xctoolchain/usr/bin/cc    -Wl,-search_paths_first -Wl,-headerpad_max_install_names   CMakeFiles/cmTC_ff65e.dir/CheckIncludeFiles.c.o  -o cmTC_ff65e  


Determining if files stdlib.h;unistd.h;inttypes.h;sys/ioctl.h;sys/time.h exist passed with the following output:
Change Dir: /Users/umityoruk/Documents/PythonDev/NewSegmentation/Notebook/CppSource/gdcm-2.6.3/bin/CMakeFiles/CMakeTmp

Run Build Command:"/usr/bin/make" "cmTC_4c160/fast"
/Applications/Xcode.app/Contents/Developer/usr/bin/make -f CMakeFiles/cmTC_4c160.dir/build.make CMakeFiles/cmTC_4c160.dir/build
Building C object CMakeFiles/cmTC_4c160.dir/CheckIncludeFiles.c.o
/Applications/Xcode.app/Contents/Developer/Toolchains/XcodeDefault.xctoolchain/usr/bin/cc     -o CMakeFiles/cmTC_4c160.dir/CheckIncludeFiles.c.o   -c /Users/umityoruk/Documents/PythonDev/NewSegmentation/Notebook/CppSource/gdcm-2.6.3/bin/CMakeFiles/CMakeTmp/CheckIncludeFiles.c
Linking C executable cmTC_4c160
/usr/local/Cellar/cmake/3.4.1/bin/cmake -E cmake_link_script CMakeFiles/cmTC_4c160.dir/link.txt --verbose=1
/Applications/Xcode.app/Contents/Developer/Toolchains/XcodeDefault.xctoolchain/usr/bin/cc    -Wl,-search_paths_first -Wl,-headerpad_max_install_names   CMakeFiles/cmTC_4c160.dir/CheckIncludeFiles.c.o  -o cmTC_4c160  


Determining if files stdlib.h;unistd.h;inttypes.h;sys/ioctl.h;sys/time.h;sys/file.h exist passed with the following output:
Change Dir: /Users/umityoruk/Documents/PythonDev/NewSegmentation/Notebook/CppSource/gdcm-2.6.3/bin/CMakeFiles/CMakeTmp

Run Build Command:"/usr/bin/make" "cmTC_533a8/fast"
/Applications/Xcode.app/Contents/Developer/usr/bin/make -f CMakeFiles/cmTC_533a8.dir/build.make CMakeFiles/cmTC_533a8.dir/build
Building C object CMakeFiles/cmTC_533a8.dir/CheckIncludeFiles.c.o
/Applications/Xcode.app/Contents/Developer/Toolchains/XcodeDefault.xctoolchain/usr/bin/cc     -o CMakeFiles/cmTC_533a8.dir/CheckIncludeFiles.c.o   -c /Users/umityoruk/Documents/PythonDev/NewSegmentation/Notebook/CppSource/gdcm-2.6.3/bin/CMakeFiles/CMakeTmp/CheckIncludeFiles.c
Linking C executable cmTC_533a8
/usr/local/Cellar/cmake/3.4.1/bin/cmake -E cmake_link_script CMakeFiles/cmTC_533a8.dir/link.txt --verbose=1
/Applications/Xcode.app/Contents/Developer/Toolchains/XcodeDefault.xctoolchain/usr/bin/cc    -Wl,-search_paths_first -Wl,-headerpad_max_install_names   CMakeFiles/cmTC_533a8.dir/CheckIncludeFiles.c.o  -o cmTC_533a8  


Determining if files stdlib.h;unistd.h;inttypes.h;sys/ioctl.h;sys/time.h;sys/file.h;sys/socket.h exist passed with the following output:
Change Dir: /Users/umityoruk/Documents/PythonDev/NewSegmentation/Notebook/CppSource/gdcm-2.6.3/bin/CMakeFiles/CMakeTmp

Run Build Command:"/usr/bin/make" "cmTC_42d21/fast"
/Applications/Xcode.app/Contents/Developer/usr/bin/make -f CMakeFiles/cmTC_42d21.dir/build.make CMakeFiles/cmTC_42d21.dir/build
Building C object CMakeFiles/cmTC_42d21.dir/CheckIncludeFiles.c.o
/Applications/Xcode.app/Contents/Developer/Toolchains/XcodeDefault.xctoolchain/usr/bin/cc     -o CMakeFiles/cmTC_42d21.dir/CheckIncludeFiles.c.o   -c /Users/umityoruk/Documents/PythonDev/NewSegmentation/Notebook/CppSource/gdcm-2.6.3/bin/CMakeFiles/CMakeTmp/CheckIncludeFiles.c
Linking C executable cmTC_42d21
/usr/local/Cellar/cmake/3.4.1/bin/cmake -E cmake_link_script CMakeFiles/cmTC_42d21.dir/link.txt --verbose=1
/Applications/Xcode.app/Contents/Developer/Toolchains/XcodeDefault.xctoolchain/usr/bin/cc    -Wl,-search_paths_first -Wl,-headerpad_max_install_names   CMakeFiles/cmTC_42d21.dir/CheckIncludeFiles.c.o  -o cmTC_42d21  


Determining if files stdlib.h;unistd.h;inttypes.h;sys/ioctl.h;sys/time.h;sys/file.h;sys/socket.h;sys/sockio.h exist passed with the following output:
Change Dir: /Users/umityoruk/Documents/PythonDev/NewSegmentation/Notebook/CppSource/gdcm-2.6.3/bin/CMakeFiles/CMakeTmp

Run Build Command:"/usr/bin/make" "cmTC_29e8b/fast"
/Applications/Xcode.app/Contents/Developer/usr/bin/make -f CMakeFiles/cmTC_29e8b.dir/build.make CMakeFiles/cmTC_29e8b.dir/build
Building C object CMakeFiles/cmTC_29e8b.dir/CheckIncludeFiles.c.o
/Applications/Xcode.app/Contents/Developer/Toolchains/XcodeDefault.xctoolchain/usr/bin/cc     -o CMakeFiles/cmTC_29e8b.dir/CheckIncludeFiles.c.o   -c /Users/umityoruk/Documents/PythonDev/NewSegmentation/Notebook/CppSource/gdcm-2.6.3/bin/CMakeFiles/CMakeTmp/CheckIncludeFiles.c
Linking C executable cmTC_29e8b
/usr/local/Cellar/cmake/3.4.1/bin/cmake -E cmake_link_script CMakeFiles/cmTC_29e8b.dir/link.txt --verbose=1
/Applications/Xcode.app/Contents/Developer/Toolchains/XcodeDefault.xctoolchain/usr/bin/cc    -Wl,-search_paths_first -Wl,-headerpad_max_install_names   CMakeFiles/cmTC_29e8b.dir/CheckIncludeFiles.c.o  -o cmTC_29e8b  


Determining if files stdlib.h;unistd.h;inttypes.h;sys/ioctl.h;sys/time.h;sys/file.h;sys/socket.h;sys/sockio.h;net/if.h exist passed with the following output:
Change Dir: /Users/umityoruk/Documents/PythonDev/NewSegmentation/Notebook/CppSource/gdcm-2.6.3/bin/CMakeFiles/CMakeTmp

Run Build Command:"/usr/bin/make" "cmTC_e4873/fast"
/Applications/Xcode.app/Contents/Developer/usr/bin/make -f CMakeFiles/cmTC_e4873.dir/build.make CMakeFiles/cmTC_e4873.dir/build
Building C object CMakeFiles/cmTC_e4873.dir/CheckIncludeFiles.c.o
/Applications/Xcode.app/Contents/Developer/Toolchains/XcodeDefault.xctoolchain/usr/bin/cc     -o CMakeFiles/cmTC_e4873.dir/CheckIncludeFiles.c.o   -c /Users/umityoruk/Documents/PythonDev/NewSegmentation/Notebook/CppSource/gdcm-2.6.3/bin/CMakeFiles/CMakeTmp/CheckIncludeFiles.c
Linking C executable cmTC_e4873
/usr/local/Cellar/cmake/3.4.1/bin/cmake -E cmake_link_script CMakeFiles/cmTC_e4873.dir/link.txt --verbose=1
/Applications/Xcode.app/Contents/Developer/Toolchains/XcodeDefault.xctoolchain/usr/bin/cc    -Wl,-search_paths_first -Wl,-headerpad_max_install_names   CMakeFiles/cmTC_e4873.dir/CheckIncludeFiles.c.o  -o cmTC_e4873  


Determining if files stdlib.h;unistd.h;inttypes.h;sys/ioctl.h;sys/time.h;sys/file.h;sys/socket.h;sys/sockio.h;net/if.h;netinet/in.h exist passed with the following output:
Change Dir: /Users/umityoruk/Documents/PythonDev/NewSegmentation/Notebook/CppSource/gdcm-2.6.3/bin/CMakeFiles/CMakeTmp

Run Build Command:"/usr/bin/make" "cmTC_5f4aa/fast"
/Applications/Xcode.app/Contents/Developer/usr/bin/make -f CMakeFiles/cmTC_5f4aa.dir/build.make CMakeFiles/cmTC_5f4aa.dir/build
Building C object CMakeFiles/cmTC_5f4aa.dir/CheckIncludeFiles.c.o
/Applications/Xcode.app/Contents/Developer/Toolchains/XcodeDefault.xctoolchain/usr/bin/cc     -o CMakeFiles/cmTC_5f4aa.dir/CheckIncludeFiles.c.o   -c /Users/umityoruk/Documents/PythonDev/NewSegmentation/Notebook/CppSource/gdcm-2.6.3/bin/CMakeFiles/CMakeTmp/CheckIncludeFiles.c
Linking C executable cmTC_5f4aa
/usr/local/Cellar/cmake/3.4.1/bin/cmake -E cmake_link_script CMakeFiles/cmTC_5f4aa.dir/link.txt --verbose=1
/Applications/Xcode.app/Contents/Developer/Toolchains/XcodeDefault.xctoolchain/usr/bin/cc    -Wl,-search_paths_first -Wl,-headerpad_max_install_names   CMakeFiles/cmTC_5f4aa.dir/CheckIncludeFiles.c.o  -o cmTC_5f4aa  


Determining if files stdlib.h;unistd.h;inttypes.h;sys/ioctl.h;sys/time.h;sys/file.h;sys/socket.h;sys/sockio.h;net/if.h;netinet/in.h;net/if_dl.h exist passed with the following output:
Change Dir: /Users/umityoruk/Documents/PythonDev/NewSegmentation/Notebook/CppSource/gdcm-2.6.3/bin/CMakeFiles/CMakeTmp

Run Build Command:"/usr/bin/make" "cmTC_b2697/fast"
/Applications/Xcode.app/Contents/Developer/usr/bin/make -f CMakeFiles/cmTC_b2697.dir/build.make CMakeFiles/cmTC_b2697.dir/build
Building C object CMakeFiles/cmTC_b2697.dir/CheckIncludeFiles.c.o
/Applications/Xcode.app/Contents/Developer/Toolchains/XcodeDefault.xctoolchain/usr/bin/cc     -o CMakeFiles/cmTC_b2697.dir/CheckIncludeFiles.c.o   -c /Users/umityoruk/Documents/PythonDev/NewSegmentation/Notebook/CppSource/gdcm-2.6.3/bin/CMakeFiles/CMakeTmp/CheckIncludeFiles.c
Linking C executable cmTC_b2697
/usr/local/Cellar/cmake/3.4.1/bin/cmake -E cmake_link_script CMakeFiles/cmTC_b2697.dir/link.txt --verbose=1
/Applications/Xcode.app/Contents/Developer/Toolchains/XcodeDefault.xctoolchain/usr/bin/cc    -Wl,-search_paths_first -Wl,-headerpad_max_install_names   CMakeFiles/cmTC_b2697.dir/CheckIncludeFiles.c.o  -o cmTC_b2697  


Determining if files stdlib.h;unistd.h;inttypes.h;sys/ioctl.h;sys/time.h;sys/file.h;sys/socket.h;sys/sockio.h;net/if.h;netinet/in.h;net/if_dl.h;net/if_arp.h exist passed with the following output:
Change Dir: /Users/umityoruk/Documents/PythonDev/NewSegmentation/Notebook/CppSource/gdcm-2.6.3/bin/CMakeFiles/CMakeTmp

Run Build Command:"/usr/bin/make" "cmTC_81ca9/fast"
/Applications/Xcode.app/Contents/Developer/usr/bin/make -f CMakeFiles/cmTC_81ca9.dir/build.make CMakeFiles/cmTC_81ca9.dir/build
Building C object CMakeFiles/cmTC_81ca9.dir/CheckIncludeFiles.c.o
/Applications/Xcode.app/Contents/Developer/Toolchains/XcodeDefault.xctoolchain/usr/bin/cc     -o CMakeFiles/cmTC_81ca9.dir/CheckIncludeFiles.c.o   -c /Users/umityoruk/Documents/PythonDev/NewSegmentation/Notebook/CppSource/gdcm-2.6.3/bin/CMakeFiles/CMakeTmp/CheckIncludeFiles.c
Linking C executable cmTC_81ca9
/usr/local/Cellar/cmake/3.4.1/bin/cmake -E cmake_link_script CMakeFiles/cmTC_81ca9.dir/link.txt --verbose=1
/Applications/Xcode.app/Contents/Developer/Toolchains/XcodeDefault.xctoolchain/usr/bin/cc    -Wl,-search_paths_first -Wl,-headerpad_max_install_names   CMakeFiles/cmTC_81ca9.dir/CheckIncludeFiles.c.o  -o cmTC_81ca9  


Determining if the function strsignal exists passed with the following output:
Change Dir: /Users/umityoruk/Documents/PythonDev/NewSegmentation/Notebook/CppSource/gdcm-2.6.3/bin/CMakeFiles/CMakeTmp

Run Build Command:"/usr/bin/make" "cmTC_fb673/fast"
/Applications/Xcode.app/Contents/Developer/usr/bin/make -f CMakeFiles/cmTC_fb673.dir/build.make CMakeFiles/cmTC_fb673.dir/build
Building C object CMakeFiles/cmTC_fb673.dir/CheckFunctionExists.c.o
/Applications/Xcode.app/Contents/Developer/Toolchains/XcodeDefault.xctoolchain/usr/bin/cc    -DCHECK_FUNCTION_EXISTS=strsignal   -o CMakeFiles/cmTC_fb673.dir/CheckFunctionExists.c.o   -c /usr/local/Cellar/cmake/3.4.1/share/cmake/Modules/CheckFunctionExists.c
Linking C executable cmTC_fb673
/usr/local/Cellar/cmake/3.4.1/bin/cmake -E cmake_link_script CMakeFiles/cmTC_fb673.dir/link.txt --verbose=1
/Applications/Xcode.app/Contents/Developer/Toolchains/XcodeDefault.xctoolchain/usr/bin/cc   -DCHECK_FUNCTION_EXISTS=strsignal -Wl,-search_paths_first -Wl,-headerpad_max_install_names   CMakeFiles/cmTC_fb673.dir/CheckFunctionExists.c.o  -o cmTC_fb673  


